INFO:root:medemblik_MLA_punt
INFO:root:medemblik_MLA_lijn
INFO:root:DRINKWATER_BAG_2015
INFO:root:VE_2017_MV
INFO:root:Plancap_RIGO_jun_2017
INFO:root:verhard_opp
INFO:root:medemblik_bemalingsgebieden
INFO:root:inp_afvoerrelatie = medemblik_MLA_lijn
INFO:root:
---------------------------------------------------------------------------------------------------------
------ Veld-info ophalen...		Sat Apr 28 11:10:04 2018
---------------------------------------------------------------------------------------------------------


INFO:root:
---------------------------------------------------------------------------------------------------------
------ Knooppunten genereren...		Sat Apr 28 11:10:04 2018
---------------------------------------------------------------------------------------------------------


INFO:root:19 features selected
INFO:root:
---------------------------------------------------------------------------------------------------------
------ Knooppunten koppelen aan bemalingsgebieden...		Sat Apr 28 11:10:04 2018
---------------------------------------------------------------------------------------------------------


INFO:root:19 selected
INFO:root:joining field count from polygon_lis_sum...
INFO:root:expression = "polygon_lis_sum_count"
INFO:root:LEEG-0 - 0
INFO:root:LEEG-1 - 0
INFO:root:LEEG-2 - 0
INFO:root:LEEG-3 - 0
INFO:root:LEEG-4 - 0
INFO:root:LEEG-5 - 0
INFO:root:LEEG-6 - 0
INFO:root:LEEG-7 - 0
INFO:root:LEEG-8 - 0
INFO:root:MEBB25-01 - 1
INFO:root:LEEG-10 - 0
INFO:root:LEEG-11 - 0
INFO:root:LEEG-12 - 0
INFO:root:LEEG-13 - 0
INFO:root:LEEG-14 - 0
INFO:root:LEEG-15 - 0
INFO:root:LEEG-16 - 0
INFO:root:LEEG-17 - 0
INFO:root:LEEG-18 - 0
INFO:root:LEEG-19 - 0
INFO:root:LEEG-20 - 0
INFO:root:LEEG-21 - 0
INFO:root:LEEG-22 - 0
INFO:root:MERG11 - 1
INFO:root:RG28 - 1
INFO:root:MERG02 - 1
INFO:root:MERG23 - 2
INFO:root:polygon 'MERG23' bevat 2 objecten!
INFO:root:MERG09 - 1
INFO:root:MERG04 - 1
INFO:root:MERG08 - 1
INFO:root:MERG05 - 1
INFO:root:MERG01 - 1
INFO:root:MERG03 - 1
INFO:root:MERG10 - 1
INFO:root:MERG18 - 1
INFO:root:LEEG-35 - 0
INFO:root:lege polygonen voorzien van VAN_KNOOPN-> 'LEEG-<OBJID>'
INFO:root:Bepaal in welk bemalingsgebied het eindpunt van afvoerrelatie ligt...
INFO:root:19 selected
INFO:root:velden met 'add_fld' : 'st1a' toevoegen op volgorde van 'order':
INFO:root:veld K_BEM_GEB toevoegen
INFO:root:veld K_KNP_NR toevoegen
INFO:root:veld K_ONTV_VAN toevoegen
INFO:root:veld K_LOOST_OP toevoegen
INFO:root:veld K_KNP_EIND toevoegen
INFO:root:veld X_OPPOMP toevoegen
INFO:root:veld X_OBEMAL toevoegen
INFO:root:joining field K_LOOST_OP from eindknooppunten...
INFO:root:expression = "eindknooppunten_VAN_KNOO_1"
INFO:root:
---------------------------------------------------------------------------------------------------------
------ Bepaal onderbemaling en aantal keer oppompen...		Sat Apr 28 11:10:05 2018
---------------------------------------------------------------------------------------------------------


INFO:root:netwerk opslaan als graph...
INFO:root:onderbemaling bepalen voor rioolgemalen en zuiveringen...
INFO:root:
---------------------------------------------------------------------------------------------------------
------ Controleer topologie bemalingsgebieden...		Sat Apr 28 11:10:06 2018
---------------------------------------------------------------------------------------------------------


INFO:root:LEEG-0 - 0
INFO:root:LEEG-1 - 0
INFO:root:LEEG-2 - 0
INFO:root:LEEG-3 - 0
INFO:root:LEEG-4 - 0
INFO:root:LEEG-5 - 0
INFO:root:LEEG-6 - 0
INFO:root:LEEG-7 - 0
INFO:root:LEEG-8 - 0
INFO:root:MEBB25-01 - 1
INFO:root:LEEG-10 - 0
INFO:root:LEEG-11 - 0
INFO:root:LEEG-12 - 0
INFO:root:LEEG-13 - 0
INFO:root:LEEG-14 - 0
INFO:root:LEEG-15 - 0
INFO:root:LEEG-16 - 0
INFO:root:LEEG-17 - 0
INFO:root:LEEG-18 - 0
INFO:root:LEEG-19 - 0
INFO:root:LEEG-20 - 0
INFO:root:LEEG-21 - 0
INFO:root:LEEG-22 - 0
INFO:root:MERG11 - 1
INFO:root:RG28 - 1
INFO:root:MERG02 - 1
INFO:root:MERG23 - 2
INFO:root:polygon 'MERG23' bevat 2 objecten!
INFO:root:MERG09 - 1
INFO:root:MERG04 - 1
INFO:root:MERG08 - 1
INFO:root:MERG05 - 1
INFO:root:MERG01 - 1
INFO:root:MERG03 - 1
INFO:root:MERG10 - 1
INFO:root:MERG18 - 1
INFO:root:LEEG-35 - 0
INFO:root:lege polygonen voorzien van VAN_KNOOPN-> 'LEEG-<OBJID>'
INFO:root:	overlap tussen bemalingsgebieden LEEG-35|LEEG-3
INFO:root:
---------------------------------------------------------------------------------------------------------
------ Overige velden overnemen uit knooppunten Kikker...		Sat Apr 28 11:10:06 2018
---------------------------------------------------------------------------------------------------------


INFO:root:velden met 'add_fld' : 'st1b' toevoegen op volgorde van 'order':
INFO:root:veld K_INST_TOT toevoegen
INFO:root:veld POC_B_M3_T toevoegen
INFO:root:veld POC_B_MM_T toevoegen
INFO:root:veld DWR_TOT toevoegen
INFO:root:veld CAP_ONTW toevoegen
INFO:root:veld POC_O_M3_T toevoegen
INFO:root:veld POC_O_MM_T toevoegen
INFO:root:veld HA_TOT_G toevoegen
INFO:root:veld K_BR_ST_M3 toevoegen
INFO:root:veld K_OSH toevoegen
INFO:root:veld K_BERG_VL toevoegen
INFO:root:veld K_BR_RZ_M3 toevoegen
INFO:root:joining field K_KNP_NR from medemblik_MLA_punt...
INFO:root:expression = "medemblik_MLA_punt_VAN_KNOOPN"
INFO:root:joining field K_BEM_GEB from medemblik_MLA_punt...
INFO:root:expression = "medemblik_MLA_punt_NAAM"
INFO:root:joining field K_INST_TOT from medemblik_MLA_punt...
INFO:root:expression = "medemblik_MLA_punt_CAP_INST_M"
INFO:root:joining field K_BR_ST_M3 from medemblik_MLA_punt...
INFO:root:expression = "medemblik_MLA_punt_BERGING_M3"
INFO:root:joining field K_OSH from medemblik_MLA_punt...
INFO:root:expression = "medemblik_MLA_punt_LAAGSTE_OS"
INFO:root:medemblik_MLA_punt
INFO:root:medemblik_MLA_lijn
INFO:root:DRINKWATER_BAG_2015
INFO:root:VE_2017_MV
INFO:root:Plancap_RIGO_jun_2017
INFO:root:verhard_opp
INFO:root:bemalingsgebieden overlap
INFO:root:inp_afvoerrelatie = medemblik_MLA_lijn
INFO:root:
---------------------------------------------------------------------------------------------------------
------ Veld-info ophalen...		Sat Apr 28 11:12:57 2018
---------------------------------------------------------------------------------------------------------


INFO:root:
---------------------------------------------------------------------------------------------------------
------ Knooppunten genereren...		Sat Apr 28 11:12:57 2018
---------------------------------------------------------------------------------------------------------


INFO:root:19 features selected
INFO:root:
---------------------------------------------------------------------------------------------------------
------ Knooppunten koppelen aan bemalingsgebieden...		Sat Apr 28 11:12:57 2018
---------------------------------------------------------------------------------------------------------


INFO:root:19 selected
INFO:root:joining field count from polygon_lis_sum...
INFO:root:expression = "polygon_lis_sum_count"
INFO:root:LEEG-0 - 0
INFO:root:LEEG-1 - 0
INFO:root:LEEG-2 - 0
INFO:root:LEEG-3 - 0
INFO:root:LEEG-4 - 0
INFO:root:LEEG-5 - 0
INFO:root:LEEG-6 - 0
INFO:root:LEEG-7 - 0
INFO:root:LEEG-8 - 0
INFO:root:MEBB25-01 - 1
INFO:root:LEEG-10 - 0
INFO:root:LEEG-11 - 0
INFO:root:LEEG-12 - 0
INFO:root:LEEG-13 - 0
INFO:root:LEEG-14 - 0
INFO:root:LEEG-15 - 0
INFO:root:LEEG-16 - 0
INFO:root:LEEG-17 - 0
INFO:root:LEEG-18 - 0
INFO:root:LEEG-19 - 0
INFO:root:LEEG-20 - 0
INFO:root:LEEG-21 - 0
INFO:root:LEEG-22 - 0
INFO:root:MERG11 - 1
INFO:root:RG28 - 1
INFO:root:MERG02 - 1
INFO:root:MERG23 - 2
INFO:root:polygon 'MERG23' bevat 2 objecten!
INFO:root:MERG09 - 1
INFO:root:MERG04 - 1
INFO:root:MERG08 - 1
INFO:root:MERG05 - 1
INFO:root:MERG01 - 1
INFO:root:MERG03 - 1
INFO:root:MERG10 - 1
INFO:root:MERG18 - 1
INFO:root:LEEG-35 - 0
INFO:root:lege polygonen voorzien van VAN_KNOOPN-> 'LEEG-<OBJID>'
INFO:root:Bepaal in welk bemalingsgebied het eindpunt van afvoerrelatie ligt...
INFO:root:19 selected
INFO:root:medemblik_MLA_punt
INFO:root:medemblik_MLA_lijn
INFO:root:DRINKWATER_BAG_2015
INFO:root:VE_2017_MV
INFO:root:Plancap_RIGO_jun_2017
INFO:root:verhard_opp
INFO:root:medemblik_bemalingsgebieden
INFO:root:inp_afvoerrelatie = medemblik_MLA_lijn
INFO:root:
---------------------------------------------------------------------------------------------------------
------ Veld-info ophalen...		Sat Apr 28 11:13:43 2018
---------------------------------------------------------------------------------------------------------


INFO:root:
---------------------------------------------------------------------------------------------------------
------ Knooppunten genereren...		Sat Apr 28 11:13:43 2018
---------------------------------------------------------------------------------------------------------


INFO:root:19 features selected
INFO:root:
---------------------------------------------------------------------------------------------------------
------ Knooppunten koppelen aan bemalingsgebieden...		Sat Apr 28 11:13:43 2018
---------------------------------------------------------------------------------------------------------


INFO:root:19 selected
INFO:root:joining field count from polygon_lis_sum...
INFO:root:expression = "polygon_lis_sum_count"
INFO:root:LEEG-0 - 0
INFO:root:LEEG-1 - 0
INFO:root:LEEG-2 - 0
INFO:root:LEEG-3 - 0
INFO:root:LEEG-4 - 0
INFO:root:LEEG-5 - 0
INFO:root:LEEG-6 - 0
INFO:root:LEEG-7 - 0
INFO:root:LEEG-8 - 0
INFO:root:MEBB25-01 - 1
INFO:root:LEEG-10 - 0
INFO:root:LEEG-11 - 0
INFO:root:LEEG-12 - 0
INFO:root:LEEG-13 - 0
INFO:root:LEEG-14 - 0
INFO:root:LEEG-15 - 0
INFO:root:LEEG-16 - 0
INFO:root:LEEG-17 - 0
INFO:root:LEEG-18 - 0
INFO:root:LEEG-19 - 0
INFO:root:LEEG-20 - 0
INFO:root:LEEG-21 - 0
INFO:root:LEEG-22 - 0
INFO:root:MERG11 - 1
INFO:root:RG28 - 1
INFO:root:MERG02 - 1
INFO:root:MERG23 - 2
INFO:root:polygon 'MERG23' bevat 2 objecten!
INFO:root:MERG09 - 1
INFO:root:MERG04 - 1
INFO:root:MERG08 - 1
INFO:root:MERG05 - 1
INFO:root:MERG01 - 1
INFO:root:MERG03 - 1
INFO:root:MERG10 - 1
INFO:root:MERG18 - 1
INFO:root:LEEG-35 - 0
INFO:root:lege polygonen voorzien van VAN_KNOOPN-> 'LEEG-<OBJID>'
INFO:root:Bepaal in welk bemalingsgebied het eindpunt van afvoerrelatie ligt...
INFO:root:19 selected
INFO:root:velden met 'add_fld' : 'st1a' toevoegen op volgorde van 'order':
INFO:root:veld K_BEM_GEB toevoegen
INFO:root:veld K_KNP_NR toevoegen
INFO:root:veld K_ONTV_VAN toevoegen
INFO:root:veld K_LOOST_OP toevoegen
INFO:root:veld K_KNP_EIND toevoegen
INFO:root:veld X_OPPOMP toevoegen
INFO:root:veld X_OBEMAL toevoegen
INFO:root:joining field K_LOOST_OP from eindknooppunten...
INFO:root:expression = "eindknooppunten_VAN_KNOO_1"
INFO:root:
---------------------------------------------------------------------------------------------------------
------ Bepaal onderbemaling en aantal keer oppompen...		Sat Apr 28 11:13:45 2018
---------------------------------------------------------------------------------------------------------


INFO:root:netwerk opslaan als graph...
INFO:root:onderbemaling bepalen voor rioolgemalen en zuiveringen...
INFO:root:
---------------------------------------------------------------------------------------------------------
------ Controleer topologie bemalingsgebieden...		Sat Apr 28 11:13:45 2018
---------------------------------------------------------------------------------------------------------


INFO:root:LEEG-0 - 0
INFO:root:LEEG-1 - 0
INFO:root:LEEG-2 - 0
INFO:root:LEEG-3 - 0
INFO:root:LEEG-4 - 0
INFO:root:LEEG-5 - 0
INFO:root:LEEG-6 - 0
INFO:root:LEEG-7 - 0
INFO:root:LEEG-8 - 0
INFO:root:MEBB25-01 - 1
INFO:root:LEEG-10 - 0
INFO:root:LEEG-11 - 0
INFO:root:LEEG-12 - 0
INFO:root:LEEG-13 - 0
INFO:root:LEEG-14 - 0
INFO:root:LEEG-15 - 0
INFO:root:LEEG-16 - 0
INFO:root:LEEG-17 - 0
INFO:root:LEEG-18 - 0
INFO:root:LEEG-19 - 0
INFO:root:LEEG-20 - 0
INFO:root:LEEG-21 - 0
INFO:root:LEEG-22 - 0
INFO:root:MERG11 - 1
INFO:root:RG28 - 1
INFO:root:MERG02 - 1
INFO:root:MERG23 - 2
INFO:root:polygon 'MERG23' bevat 2 objecten!
INFO:root:MERG09 - 1
INFO:root:MERG04 - 1
INFO:root:MERG08 - 1
INFO:root:MERG05 - 1
INFO:root:MERG01 - 1
INFO:root:MERG03 - 1
INFO:root:MERG10 - 1
INFO:root:MERG18 - 1
INFO:root:LEEG-35 - 0
INFO:root:lege polygonen voorzien van VAN_KNOOPN-> 'LEEG-<OBJID>'
INFO:root:	overlap tussen bemalingsgebieden LEEG-35|LEEG-3
INFO:root:
---------------------------------------------------------------------------------------------------------
------ Overige velden overnemen uit knooppunten Kikker...		Sat Apr 28 11:13:45 2018
---------------------------------------------------------------------------------------------------------


INFO:root:velden met 'add_fld' : 'st1b' toevoegen op volgorde van 'order':
INFO:root:veld K_INST_TOT toevoegen
INFO:root:veld POC_B_M3_T toevoegen
INFO:root:veld POC_B_MM_T toevoegen
INFO:root:veld DWR_TOT toevoegen
INFO:root:veld CAP_ONTW toevoegen
INFO:root:veld POC_O_M3_T toevoegen
INFO:root:veld POC_O_MM_T toevoegen
INFO:root:veld HA_TOT_G toevoegen
INFO:root:veld K_BR_ST_M3 toevoegen
INFO:root:veld K_OSH toevoegen
INFO:root:veld K_BERG_VL toevoegen
INFO:root:veld K_BR_RZ_M3 toevoegen
INFO:root:joining field K_KNP_NR from medemblik_MLA_punt...
INFO:root:expression = "medemblik_MLA_punt_VAN_KNOOPN"
INFO:root:joining field K_BEM_GEB from medemblik_MLA_punt...
INFO:root:expression = "medemblik_MLA_punt_NAAM"
INFO:root:joining field K_INST_TOT from medemblik_MLA_punt...
INFO:root:expression = "medemblik_MLA_punt_CAP_INST_M"
INFO:root:joining field K_BR_ST_M3 from medemblik_MLA_punt...
INFO:root:expression = "medemblik_MLA_punt_BERGING_M3"
INFO:root:joining field K_OSH from medemblik_MLA_punt...
INFO:root:expression = "medemblik_MLA_punt_LAAGSTE_OS"
INFO:root:medemblik_MLA_punt
INFO:root:medemblik_MLA_lijn
INFO:root:DRINKWATER_BAG_2015
INFO:root:VE_2017_MV
INFO:root:Plancap_RIGO_jun_2017
INFO:root:verhard_opp
INFO:root:bemalingsgebieden overlap
INFO:root:inp_afvoerrelatie = medemblik_MLA_lijn
INFO:root:
---------------------------------------------------------------------------------------------------------
------ Veld-info ophalen...		Sat Apr 28 11:17:10 2018
---------------------------------------------------------------------------------------------------------


INFO:root:
---------------------------------------------------------------------------------------------------------
------ Knooppunten genereren...		Sat Apr 28 11:17:10 2018
---------------------------------------------------------------------------------------------------------


INFO:root:19 features selected
INFO:root:
---------------------------------------------------------------------------------------------------------
------ Knooppunten koppelen aan bemalingsgebieden...		Sat Apr 28 11:17:10 2018
---------------------------------------------------------------------------------------------------------


INFO:root:19 selected
INFO:root:joining field count from polygon_lis_sum...
INFO:root:expression = "polygon_lis_sum_count"
INFO:root:polygon 'MERG23' bevat 2 objecten!
INFO:root:lege polygonen voorzien van VAN_KNOOPN-> 'LEEG-<OBJID>'
INFO:root:Bepaal in welk bemalingsgebied het eindpunt van afvoerrelatie ligt...
INFO:root:19 selected
INFO:root:velden met 'add_fld' : 'st1a' toevoegen op volgorde van 'order':
INFO:root:veld K_BEM_GEB toevoegen
INFO:root:veld K_KNP_NR toevoegen
INFO:root:veld K_ONTV_VAN toevoegen
INFO:root:veld K_LOOST_OP toevoegen
INFO:root:veld K_KNP_EIND toevoegen
INFO:root:veld X_OPPOMP toevoegen
INFO:root:veld X_OBEMAL toevoegen
INFO:root:joining field K_LOOST_OP from eindknooppunten...
INFO:root:expression = "eindknooppunten_VAN_KNOO_1"
INFO:root:
---------------------------------------------------------------------------------------------------------
------ Bepaal onderbemaling en aantal keer oppompen...		Sat Apr 28 11:17:11 2018
---------------------------------------------------------------------------------------------------------


INFO:root:netwerk opslaan als graph...
INFO:root:onderbemaling bepalen voor rioolgemalen en zuiveringen...
INFO:root:
---------------------------------------------------------------------------------------------------------
------ Controleer topologie bemalingsgebieden...		Sat Apr 28 11:17:12 2018
---------------------------------------------------------------------------------------------------------


INFO:root:polygon 'MERG23' bevat 2 objecten!
INFO:root:lege polygonen voorzien van VAN_KNOOPN-> 'LEEG-<OBJID>'
INFO:root:	overlap tussen bemalingsgebieden LEEG-35|LEEG-3
INFO:root:
---------------------------------------------------------------------------------------------------------
------ Overige velden overnemen uit knooppunten Kikker...		Sat Apr 28 11:17:12 2018
---------------------------------------------------------------------------------------------------------


INFO:root:velden met 'add_fld' : 'st1b' toevoegen op volgorde van 'order':
INFO:root:veld K_INST_TOT toevoegen
INFO:root:veld POC_B_M3_T toevoegen
INFO:root:veld POC_B_MM_T toevoegen
INFO:root:veld DWR_TOT toevoegen
INFO:root:veld CAP_ONTW toevoegen
INFO:root:veld POC_O_M3_T toevoegen
INFO:root:veld POC_O_MM_T toevoegen
INFO:root:veld HA_TOT_G toevoegen
INFO:root:veld K_BR_ST_M3 toevoegen
INFO:root:veld K_OSH toevoegen
INFO:root:veld K_BERG_VL toevoegen
INFO:root:veld K_BR_RZ_M3 toevoegen
INFO:root:joining field K_KNP_NR from medemblik_MLA_punt...
INFO:root:expression = "medemblik_MLA_punt_VAN_KNOOPN"
INFO:root:joining field K_BEM_GEB from medemblik_MLA_punt...
INFO:root:expression = "medemblik_MLA_punt_NAAM"
INFO:root:joining field K_INST_TOT from medemblik_MLA_punt...
INFO:root:expression = "medemblik_MLA_punt_CAP_INST_M"
INFO:root:joining field K_BR_ST_M3 from medemblik_MLA_punt...
INFO:root:expression = "medemblik_MLA_punt_BERGING_M3"
INFO:root:joining field K_OSH from medemblik_MLA_punt...
INFO:root:expression = "medemblik_MLA_punt_LAAGSTE_OS"
INFO:root:medemblik_MLA_punt
INFO:root:medemblik_MLA_lijn
INFO:root:DRINKWATER_BAG_2015
INFO:root:VE_2017_MV
INFO:root:Plancap_RIGO_jun_2017
INFO:root:verhard_opp
INFO:root:bemalingsgebieden overlap
INFO:root:inp_afvoerrelatie = medemblik_MLA_lijn
INFO:root:
---------------------------------------------------------------------------------------------------------
------ Veld-info ophalen...		Sat Apr 28 11:19:08 2018
---------------------------------------------------------------------------------------------------------


INFO:root:
---------------------------------------------------------------------------------------------------------
------ Knooppunten genereren...		Sat Apr 28 11:19:08 2018
---------------------------------------------------------------------------------------------------------


INFO:root:19 features selected
INFO:root:
---------------------------------------------------------------------------------------------------------
------ Knooppunten koppelen aan bemalingsgebieden...		Sat Apr 28 11:19:08 2018
---------------------------------------------------------------------------------------------------------


INFO:root:19 selected
INFO:root:joining field count from polygon_lis_sum...
INFO:root:expression = "polygon_lis_sum_count"
INFO:root:polygon 'MERG23' bevat 2 objecten!
INFO:root:lege polygonen voorzien van VAN_KNOOPN-> 'LEEG-<OBJID>'
INFO:root:Bepaal in welk bemalingsgebied het eindpunt van afvoerrelatie ligt...
INFO:root:19 selected
INFO:root:velden met 'add_fld' : 'st1a' toevoegen op volgorde van 'order':
INFO:root:veld K_BEM_GEB toevoegen
INFO:root:veld K_KNP_NR toevoegen
INFO:root:veld K_ONTV_VAN toevoegen
INFO:root:veld K_LOOST_OP toevoegen
INFO:root:veld K_KNP_EIND toevoegen
INFO:root:veld X_OPPOMP toevoegen
INFO:root:veld X_OBEMAL toevoegen
INFO:root:joining field K_LOOST_OP from eindknooppunten...
INFO:root:expression = "eindknooppunten_VAN_KNOO_1"
INFO:root:
---------------------------------------------------------------------------------------------------------
------ Bepaal onderbemaling en aantal keer oppompen...		Sat Apr 28 11:19:10 2018
---------------------------------------------------------------------------------------------------------


INFO:root:netwerk opslaan als graph...
INFO:root:onderbemaling bepalen voor rioolgemalen en zuiveringen...
INFO:root:
---------------------------------------------------------------------------------------------------------
------ Controleer topologie bemalingsgebieden...		Sat Apr 28 11:19:10 2018
---------------------------------------------------------------------------------------------------------


INFO:root:polygon 'MERG23' bevat 2 objecten!
INFO:root:lege polygonen voorzien van VAN_KNOOPN-> 'LEEG-<OBJID>'
INFO:root:	overlap tussen bemalingsgebieden LEEG-35|LEEG-3
INFO:root:
---------------------------------------------------------------------------------------------------------
------ Overige velden overnemen uit knooppunten Kikker...		Sat Apr 28 11:19:11 2018
---------------------------------------------------------------------------------------------------------


INFO:root:velden met 'add_fld' : 'st1b' toevoegen op volgorde van 'order':
INFO:root:veld K_INST_TOT toevoegen
INFO:root:veld POC_B_M3_T toevoegen
INFO:root:veld POC_B_MM_T toevoegen
INFO:root:veld DWR_TOT toevoegen
INFO:root:veld CAP_ONTW toevoegen
INFO:root:veld POC_O_M3_T toevoegen
INFO:root:veld POC_O_MM_T toevoegen
INFO:root:veld HA_TOT_G toevoegen
INFO:root:veld K_BR_ST_M3 toevoegen
INFO:root:veld K_OSH toevoegen
INFO:root:veld K_BERG_VL toevoegen
INFO:root:veld K_BR_RZ_M3 toevoegen
INFO:root:joining field K_KNP_NR from medemblik_MLA_punt...
INFO:root:expression = "medemblik_MLA_punt_VAN_KNOOPN"
INFO:root:joining field K_BEM_GEB from medemblik_MLA_punt...
INFO:root:expression = "medemblik_MLA_punt_NAAM"
INFO:root:joining field K_INST_TOT from medemblik_MLA_punt...
INFO:root:expression = "medemblik_MLA_punt_CAP_INST_M"
INFO:root:joining field K_BR_ST_M3 from medemblik_MLA_punt...
INFO:root:expression = "medemblik_MLA_punt_BERGING_M3"
INFO:root:joining field K_OSH from medemblik_MLA_punt...
INFO:root:expression = "medemblik_MLA_punt_LAAGSTE_OS"
INFO:root:medemblik_MLA_punt
INFO:root:medemblik_MLA_lijn
INFO:root:DRINKWATER_BAG_2015
INFO:root:VE_2017_MV
INFO:root:Plancap_RIGO_jun_2017
INFO:root:verhard_opp
INFO:root:bemalingsgebieden overlap
INFO:root:inp_afvoerrelatie = medemblik_MLA_lijn
INFO:root:
---------------------------------------------------------------------------------------------------------
------ Veld-info ophalen...		Sat Apr 28 11:21:15 2018
---------------------------------------------------------------------------------------------------------


INFO:root:
---------------------------------------------------------------------------------------------------------
------ Knooppunten genereren...		Sat Apr 28 11:21:15 2018
---------------------------------------------------------------------------------------------------------


INFO:root:19 features selected
INFO:root:
---------------------------------------------------------------------------------------------------------
------ Knooppunten koppelen aan bemalingsgebieden...		Sat Apr 28 11:21:15 2018
---------------------------------------------------------------------------------------------------------


INFO:root:19 selected
INFO:root:joining field count from polygon_lis_sum...
INFO:root:expression = "polygon_lis_sum_count"
INFO:root:polygon 'MERG23' bevat 2 objecten!
INFO:root:lege polygonen voorzien van VAN_KNOOPN-> 'LEEG-<OBJID>'
INFO:root:Bepaal in welk bemalingsgebied het eindpunt van afvoerrelatie ligt...
INFO:root:19 selected
INFO:root:velden met 'add_fld' : 'st1a' toevoegen op volgorde van 'order':
INFO:root:veld K_BEM_GEB toevoegen
INFO:root:veld K_KNP_NR toevoegen
INFO:root:veld K_ONTV_VAN toevoegen
INFO:root:veld K_LOOST_OP toevoegen
INFO:root:veld K_KNP_EIND toevoegen
INFO:root:veld X_OPPOMP toevoegen
INFO:root:veld X_OBEMAL toevoegen
INFO:root:joining field K_LOOST_OP from eindknooppunten...
INFO:root:expression = "eindknooppunten_VAN_KNOO_1"
INFO:root:
---------------------------------------------------------------------------------------------------------
------ Bepaal onderbemaling en aantal keer oppompen...		Sat Apr 28 11:21:16 2018
---------------------------------------------------------------------------------------------------------


INFO:root:netwerk opslaan als graph...
INFO:root:onderbemaling bepalen voor rioolgemalen en zuiveringen...
INFO:root:
---------------------------------------------------------------------------------------------------------
------ Controleer topologie bemalingsgebieden...		Sat Apr 28 11:21:17 2018
---------------------------------------------------------------------------------------------------------


INFO:root:polygon 'MERG23' bevat 2 objecten!
INFO:root:lege polygonen voorzien van VAN_KNOOPN-> 'LEEG-<OBJID>'
INFO:root:	overlap tussen bemalingsgebieden LEEG-35|LEEG-3
INFO:root:
---------------------------------------------------------------------------------------------------------
------ Overige velden overnemen uit knooppunten Kikker...		Sat Apr 28 11:21:18 2018
---------------------------------------------------------------------------------------------------------


INFO:root:velden met 'add_fld' : 'st1b' toevoegen op volgorde van 'order':
INFO:root:veld K_INST_TOT toevoegen
INFO:root:veld POC_B_M3_T toevoegen
INFO:root:veld POC_B_MM_T toevoegen
INFO:root:veld DWR_TOT toevoegen
INFO:root:veld CAP_ONTW toevoegen
INFO:root:veld POC_O_M3_T toevoegen
INFO:root:veld POC_O_MM_T toevoegen
INFO:root:veld HA_TOT_G toevoegen
INFO:root:veld K_BR_ST_M3 toevoegen
INFO:root:veld K_OSH toevoegen
INFO:root:veld K_BERG_VL toevoegen
INFO:root:veld K_BR_RZ_M3 toevoegen
INFO:root:joining field K_KNP_NR from medemblik_MLA_punt...
INFO:root:expression = "medemblik_MLA_punt_VAN_KNOOPN"
INFO:root:joining field K_BEM_GEB from medemblik_MLA_punt...
INFO:root:expression = "medemblik_MLA_punt_NAAM"
INFO:root:joining field K_INST_TOT from medemblik_MLA_punt...
INFO:root:expression = "medemblik_MLA_punt_CAP_INST_M"
INFO:root:joining field K_BR_ST_M3 from medemblik_MLA_punt...
INFO:root:expression = "medemblik_MLA_punt_BERGING_M3"
INFO:root:joining field K_OSH from medemblik_MLA_punt...
INFO:root:expression = "medemblik_MLA_punt_LAAGSTE_OS"
INFO:root:medemblik_MLA_punt
INFO:root:medemblik_MLA_lijn
INFO:root:DRINKWATER_BAG_2015
INFO:root:VE_2017_MV
INFO:root:Plancap_RIGO_jun_2017
INFO:root:verhard_opp
INFO:root:bemalingsgebieden overlap
INFO:root:inp_afvoerrelatie = medemblik_MLA_lijn
INFO:root:
---------------------------------------------------------------------------------------------------------
------ Veld-info ophalen...		Sat Apr 28 11:24:57 2018
---------------------------------------------------------------------------------------------------------


INFO:root:
---------------------------------------------------------------------------------------------------------
------ Knooppunten genereren...		Sat Apr 28 11:24:57 2018
---------------------------------------------------------------------------------------------------------


INFO:root:19 features selected
INFO:root:medemblik_MLA_punt
INFO:root:medemblik_MLA_lijn
INFO:root:DRINKWATER_BAG_2015
INFO:root:VE_2017_MV
INFO:root:Plancap_RIGO_jun_2017
INFO:root:verhard_opp
INFO:root:bemalingsgebieden overlap
INFO:root:inp_afvoerrelatie = medemblik_MLA_lijn
INFO:root:
---------------------------------------------------------------------------------------------------------
------ Veld-info ophalen...		Sat Apr 28 11:25:22 2018
---------------------------------------------------------------------------------------------------------


INFO:root:
---------------------------------------------------------------------------------------------------------
------ Knooppunten genereren...		Sat Apr 28 11:25:22 2018
---------------------------------------------------------------------------------------------------------


INFO:root:19 features selected
INFO:root:
---------------------------------------------------------------------------------------------------------
------ Knooppunten koppelen aan bemalingsgebieden...		Sat Apr 28 11:25:22 2018
---------------------------------------------------------------------------------------------------------


INFO:root:19 selected
INFO:root:joining field count from polygon_lis_sum...
INFO:root:expression = "polygon_lis_sum_count"
INFO:root:polygon 'MERG23' bevat 2 objecten!
INFO:root:lege polygonen voorzien van VAN_KNOOPN-> 'LEEG-<OBJID>'
INFO:root:Bepaal in welk bemalingsgebied het eindpunt van afvoerrelatie ligt...
INFO:root:19 selected
INFO:root:velden met 'add_fld' : 'st1a' toevoegen op volgorde van 'order':
INFO:root:veld K_BEM_GEB toevoegen
INFO:root:veld K_KNP_NR toevoegen
INFO:root:veld K_ONTV_VAN toevoegen
INFO:root:veld K_LOOST_OP toevoegen
INFO:root:veld K_KNP_EIND toevoegen
INFO:root:veld X_OPPOMP toevoegen
INFO:root:veld X_OBEMAL toevoegen
INFO:root:joining field K_LOOST_OP from eindknooppunten...
INFO:root:expression = "eindknooppunten_VAN_KNOO_1"
INFO:root:
---------------------------------------------------------------------------------------------------------
------ Bepaal onderbemaling en aantal keer oppompen...		Sat Apr 28 11:25:24 2018
---------------------------------------------------------------------------------------------------------


INFO:root:netwerk opslaan als graph...
INFO:root:onderbemaling bepalen voor rioolgemalen en zuiveringen...
INFO:root:
---------------------------------------------------------------------------------------------------------
------ Controleer topologie bemalingsgebieden...		Sat Apr 28 11:25:24 2018
---------------------------------------------------------------------------------------------------------


INFO:root:polygon 'MERG23' bevat 2 objecten!
INFO:root:lege polygonen voorzien van VAN_KNOOPN-> 'LEEG-<OBJID>'
INFO:root:	overlap tussen bemalingsgebieden LEEG-35|LEEG-3
INFO:root:
---------------------------------------------------------------------------------------------------------
------ Overige velden overnemen uit knooppunten Kikker...		Sat Apr 28 11:25:25 2018
---------------------------------------------------------------------------------------------------------


INFO:root:velden met 'add_fld' : 'st1b' toevoegen op volgorde van 'order':
INFO:root:veld K_INST_TOT toevoegen
INFO:root:veld POC_B_M3_T toevoegen
INFO:root:veld POC_B_MM_T toevoegen
INFO:root:veld DWR_TOT toevoegen
INFO:root:veld CAP_ONTW toevoegen
INFO:root:veld POC_O_M3_T toevoegen
INFO:root:veld POC_O_MM_T toevoegen
INFO:root:veld HA_TOT_G toevoegen
INFO:root:veld K_BR_ST_M3 toevoegen
INFO:root:veld K_OSH toevoegen
INFO:root:veld K_BERG_VL toevoegen
INFO:root:veld K_BR_RZ_M3 toevoegen
INFO:root:joining field K_KNP_NR from medemblik_MLA_punt...
INFO:root:expression = "medemblik_MLA_punt_VAN_KNOOPN"
INFO:root:joining field K_BEM_GEB from medemblik_MLA_punt...
INFO:root:expression = "medemblik_MLA_punt_NAAM"
INFO:root:joining field K_INST_TOT from medemblik_MLA_punt...
INFO:root:expression = "medemblik_MLA_punt_CAP_INST_M"
INFO:root:joining field K_BR_ST_M3 from medemblik_MLA_punt...
INFO:root:expression = "medemblik_MLA_punt_BERGING_M3"
INFO:root:joining field K_OSH from medemblik_MLA_punt...
INFO:root:expression = "medemblik_MLA_punt_LAAGSTE_OS"
INFO:root:medemblik_MLA_punt
INFO:root:medemblik_MLA_lijn
INFO:root:DRINKWATER_BAG_2015
INFO:root:VE_2017_MV
INFO:root:Plancap_RIGO_jun_2017
INFO:root:verhard_opp
INFO:root:bemalingsgebieden overlap
INFO:root:inp_afvoerrelatie = medemblik_MLA_lijn
INFO:root:
---------------------------------------------------------------------------------------------------------
------ Veld-info ophalen...		Sat Apr 28 11:31:36 2018
---------------------------------------------------------------------------------------------------------


INFO:root:
---------------------------------------------------------------------------------------------------------
------ Knooppunten genereren...		Sat Apr 28 11:31:36 2018
---------------------------------------------------------------------------------------------------------


INFO:root:19 features selected
INFO:root:medemblik_MLA_punt
INFO:root:medemblik_MLA_lijn
INFO:root:DRINKWATER_BAG_2015
INFO:root:VE_2017_MV
INFO:root:Plancap_RIGO_jun_2017
INFO:root:verhard_opp
INFO:root:bemalingsgebieden overlap
INFO:root:inp_afvoerrelatie = medemblik_MLA_lijn
INFO:root:
---------------------------------------------------------------------------------------------------------
------ Veld-info ophalen...		Sat Apr 28 11:33:08 2018
---------------------------------------------------------------------------------------------------------


INFO:root:
---------------------------------------------------------------------------------------------------------
------ Knooppunten genereren...		Sat Apr 28 11:33:08 2018
---------------------------------------------------------------------------------------------------------


INFO:root:19 features selected
INFO:root:
---------------------------------------------------------------------------------------------------------
------ Knooppunten koppelen aan bemalingsgebieden...		Sat Apr 28 11:33:09 2018
---------------------------------------------------------------------------------------------------------


INFO:root:19 selected
INFO:root:joining field count from polygon_lis_sum...
INFO:root:expression = "polygon_lis_sum_count"
INFO:root:polygon 'MERG23' bevat 2 objecten!
INFO:root:lege polygonen voorzien van VAN_KNOOPN-> 'LEEG-<OBJID>'
INFO:root:Bepaal in welk bemalingsgebied het eindpunt van afvoerrelatie ligt...
INFO:root:19 selected
INFO:root:velden met 'add_fld' : 'st1a' toevoegen op volgorde van 'order':
INFO:root:veld K_BEM_GEB toevoegen
INFO:root:veld K_KNP_NR toevoegen
INFO:root:veld K_ONTV_VAN toevoegen
INFO:root:veld K_LOOST_OP toevoegen
INFO:root:veld K_KNP_EIND toevoegen
INFO:root:veld X_OPPOMP toevoegen
INFO:root:veld X_OBEMAL toevoegen
INFO:root:joining field K_LOOST_OP from eindknooppunten...
INFO:root:expression = "eindknooppunten_VAN_KNOO_1"
INFO:root:
---------------------------------------------------------------------------------------------------------
------ Bepaal onderbemaling en aantal keer oppompen...		Sat Apr 28 11:33:11 2018
---------------------------------------------------------------------------------------------------------


INFO:root:netwerk opslaan als graph...
INFO:root:onderbemaling bepalen voor rioolgemalen en zuiveringen...
INFO:root:
---------------------------------------------------------------------------------------------------------
------ Controleer topologie bemalingsgebieden...		Sat Apr 28 11:33:11 2018
---------------------------------------------------------------------------------------------------------


INFO:root:polygon 'MERG23' bevat 2 objecten!
INFO:root:lege polygonen voorzien van VAN_KNOOPN-> 'LEEG-<OBJID>'
INFO:root:	overlap tussen bemalingsgebieden LEEG-35|LEEG-3
INFO:root:
---------------------------------------------------------------------------------------------------------
------ Overige velden overnemen uit knooppunten Kikker...		Sat Apr 28 11:33:12 2018
---------------------------------------------------------------------------------------------------------


INFO:root:velden met 'add_fld' : 'st1b' toevoegen op volgorde van 'order':
INFO:root:veld K_INST_TOT toevoegen
INFO:root:veld POC_B_M3_T toevoegen
INFO:root:veld POC_B_MM_T toevoegen
INFO:root:veld DWR_TOT toevoegen
INFO:root:veld CAP_ONTW toevoegen
INFO:root:veld POC_O_M3_T toevoegen
INFO:root:veld POC_O_MM_T toevoegen
INFO:root:veld HA_TOT_G toevoegen
INFO:root:veld K_BR_ST_M3 toevoegen
INFO:root:veld K_OSH toevoegen
INFO:root:veld K_BERG_VL toevoegen
INFO:root:veld K_BR_RZ_M3 toevoegen
INFO:root:joining field K_KNP_NR from medemblik_MLA_punt...
INFO:root:expression = "medemblik_MLA_punt_VAN_KNOOPN"
INFO:root:joining field K_BEM_GEB from medemblik_MLA_punt...
INFO:root:expression = "medemblik_MLA_punt_NAAM"
INFO:root:joining field K_INST_TOT from medemblik_MLA_punt...
INFO:root:expression = "medemblik_MLA_punt_CAP_INST_M"
INFO:root:joining field K_BR_ST_M3 from medemblik_MLA_punt...
INFO:root:expression = "medemblik_MLA_punt_BERGING_M3"
INFO:root:joining field K_OSH from medemblik_MLA_punt...
INFO:root:expression = "medemblik_MLA_punt_LAAGSTE_OS"
INFO:root:medemblik_MLA_punt
INFO:root:medemblik_MLA_lijn
INFO:root:DRINKWATER_BAG_2015
INFO:root:VE_2017_MV
INFO:root:Plancap_RIGO_jun_2017
INFO:root:verhard_opp
INFO:root:bemalingsgebieden overlap
INFO:root:inp_afvoerrelatie = medemblik_MLA_lijn
INFO:root:
---------------------------------------------------------------------------------------------------------
------ Veld-info ophalen...		Sat Apr 28 11:37:42 2018
---------------------------------------------------------------------------------------------------------


INFO:root:
---------------------------------------------------------------------------------------------------------
------ Knooppunten genereren...		Sat Apr 28 11:37:42 2018
---------------------------------------------------------------------------------------------------------


INFO:root:19 features selected
INFO:root:
---------------------------------------------------------------------------------------------------------
------ Knooppunten koppelen aan bemalingsgebieden...		Sat Apr 28 11:37:42 2018
---------------------------------------------------------------------------------------------------------


INFO:root:19 selected
INFO:root:joining field count from polygon_lis_sum...
INFO:root:expression = "polygon_lis_sum_count"
INFO:root:polygon 'MERG23' bevat 2 objecten!
INFO:root:lege polygonen voorzien van VAN_KNOOPN-> 'LEEG-<OBJID>'
INFO:root:Bepaal in welk bemalingsgebied het eindpunt van afvoerrelatie ligt...
INFO:root:19 selected
INFO:root:velden met 'add_fld' : 'st1a' toevoegen op volgorde van 'order':
INFO:root:veld K_BEM_GEB toevoegen
INFO:root:veld K_KNP_NR toevoegen
INFO:root:veld K_ONTV_VAN toevoegen
INFO:root:veld K_LOOST_OP toevoegen
INFO:root:veld K_KNP_EIND toevoegen
INFO:root:veld X_OPPOMP toevoegen
INFO:root:veld X_OBEMAL toevoegen
INFO:root:joining field K_LOOST_OP from eindknooppunten...
INFO:root:expression = "eindknooppunten_VAN_KNOO_1"
INFO:root:
---------------------------------------------------------------------------------------------------------
------ Bepaal onderbemaling en aantal keer oppompen...		Sat Apr 28 11:37:44 2018
---------------------------------------------------------------------------------------------------------


INFO:root:netwerk opslaan als graph...
INFO:root:onderbemaling bepalen voor rioolgemalen en zuiveringen...
INFO:root:
---------------------------------------------------------------------------------------------------------
------ Controleer topologie bemalingsgebieden...		Sat Apr 28 11:37:45 2018
---------------------------------------------------------------------------------------------------------


INFO:root:polygon 'MERG23' bevat 2 objecten!
INFO:root:lege polygonen voorzien van VAN_KNOOPN-> 'LEEG-<OBJID>'
INFO:root:	overlap tussen bemalingsgebieden LEEG-35|LEEG-3
INFO:root:
---------------------------------------------------------------------------------------------------------
------ Overige velden overnemen uit knooppunten Kikker...		Sat Apr 28 11:37:45 2018
---------------------------------------------------------------------------------------------------------


INFO:root:velden met 'add_fld' : 'st1b' toevoegen op volgorde van 'order':
INFO:root:veld K_INST_TOT toevoegen
INFO:root:veld POC_B_M3_T toevoegen
INFO:root:veld POC_B_MM_T toevoegen
INFO:root:veld DWR_TOT toevoegen
INFO:root:veld CAP_ONTW toevoegen
INFO:root:veld POC_O_M3_T toevoegen
INFO:root:veld POC_O_MM_T toevoegen
INFO:root:veld HA_TOT_G toevoegen
INFO:root:veld K_BR_ST_M3 toevoegen
INFO:root:veld K_OSH toevoegen
INFO:root:veld K_BERG_VL toevoegen
INFO:root:veld K_BR_RZ_M3 toevoegen
INFO:root:joining field K_KNP_NR from medemblik_MLA_punt...
INFO:root:expression = "medemblik_MLA_punt_VAN_KNOOPN"
INFO:root:joining field K_BEM_GEB from medemblik_MLA_punt...
INFO:root:expression = "medemblik_MLA_punt_NAAM"
INFO:root:joining field K_INST_TOT from medemblik_MLA_punt...
INFO:root:expression = "medemblik_MLA_punt_CAP_INST_M"
INFO:root:joining field K_BR_ST_M3 from medemblik_MLA_punt...
INFO:root:expression = "medemblik_MLA_punt_BERGING_M3"
INFO:root:joining field K_OSH from medemblik_MLA_punt...
INFO:root:expression = "medemblik_MLA_punt_LAAGSTE_OS"
INFO:root:medemblik_MLA_punt
INFO:root:medemblik_MLA_lijn
INFO:root:DRINKWATER_BAG_2015
INFO:root:VE_2017_MV
INFO:root:Plancap_RIGO_jun_2017
INFO:root:verhard_opp
INFO:root:bemalingsgebieden overlap
INFO:root:inp_afvoerrelatie = medemblik_MLA_lijn
INFO:root:
---------------------------------------------------------------------------------------------------------
------ Veld-info ophalen...		Sat Apr 28 11:43:58 2018
---------------------------------------------------------------------------------------------------------


INFO:root:
---------------------------------------------------------------------------------------------------------
------ Knooppunten genereren...		Sat Apr 28 11:43:58 2018
---------------------------------------------------------------------------------------------------------


INFO:root:19 features selected
INFO:root:
---------------------------------------------------------------------------------------------------------
------ Knooppunten koppelen aan bemalingsgebieden...		Sat Apr 28 11:43:58 2018
---------------------------------------------------------------------------------------------------------


INFO:root:19 selected
INFO:root:joining field count from polygon_lis_sum...
INFO:root:expression = "polygon_lis_sum_count"
INFO:root:polygon 'MERG23' bevat 2 objecten!
INFO:root:lege polygonen voorzien van VAN_KNOOPN-> 'LEEG-<OBJID>'
INFO:root:Bepaal in welk bemalingsgebied het eindpunt van afvoerrelatie ligt...
INFO:root:19 selected
INFO:root:velden met 'add_fld' : 'st1a' toevoegen op volgorde van 'order':
INFO:root:veld K_BEM_GEB toevoegen
INFO:root:veld K_KNP_NR toevoegen
INFO:root:veld K_ONTV_VAN toevoegen
INFO:root:veld K_LOOST_OP toevoegen
INFO:root:veld K_KNP_EIND toevoegen
INFO:root:veld X_OPPOMP toevoegen
INFO:root:veld X_OBEMAL toevoegen
INFO:root:joining field K_LOOST_OP from eindknooppunten...
INFO:root:expression = "eindknooppunten_VAN_KNOO_1"
INFO:root:
---------------------------------------------------------------------------------------------------------
------ Bepaal onderbemaling en aantal keer oppompen...		Sat Apr 28 11:44:00 2018
---------------------------------------------------------------------------------------------------------


INFO:root:netwerk opslaan als graph...
INFO:root:onderbemaling bepalen voor rioolgemalen en zuiveringen...
INFO:root:
---------------------------------------------------------------------------------------------------------
------ Controleer topologie bemalingsgebieden...		Sat Apr 28 11:44:01 2018
---------------------------------------------------------------------------------------------------------


INFO:root:polygon 'MERG23' bevat 2 objecten!
INFO:root:lege polygonen voorzien van VAN_KNOOPN-> 'LEEG-<OBJID>'
INFO:root:	overlap tussen bemalingsgebieden LEEG-35|LEEG-3
INFO:root:
---------------------------------------------------------------------------------------------------------
------ Overige velden overnemen uit knooppunten Kikker...		Sat Apr 28 11:44:02 2018
---------------------------------------------------------------------------------------------------------


INFO:root:velden met 'add_fld' : 'st1b' toevoegen op volgorde van 'order':
INFO:root:veld K_INST_TOT toevoegen
INFO:root:veld POC_B_M3_T toevoegen
INFO:root:veld POC_B_MM_T toevoegen
INFO:root:veld DWR_TOT toevoegen
INFO:root:veld CAP_ONTW toevoegen
INFO:root:veld POC_O_M3_T toevoegen
INFO:root:veld POC_O_MM_T toevoegen
INFO:root:veld HA_TOT_G toevoegen
INFO:root:veld K_BR_ST_M3 toevoegen
INFO:root:veld K_OSH toevoegen
INFO:root:veld K_BERG_VL toevoegen
INFO:root:veld K_BR_RZ_M3 toevoegen
INFO:root:joining field K_KNP_NR from medemblik_MLA_punt...
INFO:root:expression = "medemblik_MLA_punt_VAN_KNOOPN"
INFO:root:joining field K_BEM_GEB from medemblik_MLA_punt...
INFO:root:expression = "medemblik_MLA_punt_NAAM"
INFO:root:joining field K_INST_TOT from medemblik_MLA_punt...
INFO:root:expression = "medemblik_MLA_punt_CAP_INST_M"
INFO:root:joining field K_BR_ST_M3 from medemblik_MLA_punt...
INFO:root:expression = "medemblik_MLA_punt_BERGING_M3"
INFO:root:joining field K_OSH from medemblik_MLA_punt...
INFO:root:expression = "medemblik_MLA_punt_LAAGSTE_OS"
INFO:root:medemblik_MLA_punt
INFO:root:medemblik_MLA_lijn
INFO:root:DRINKWATER_BAG_2015
INFO:root:VE_2017_MV
INFO:root:Plancap_RIGO_jun_2017
INFO:root:verhard_opp
INFO:root:bemalingsgebieden overlap
INFO:root:inp_afvoerrelatie = medemblik_MLA_lijn
INFO:root:
---------------------------------------------------------------------------------------------------------
------ Veld-info ophalen...		Sat Apr 28 11:44:53 2018
---------------------------------------------------------------------------------------------------------


INFO:root:
---------------------------------------------------------------------------------------------------------
------ Knooppunten genereren...		Sat Apr 28 11:44:53 2018
---------------------------------------------------------------------------------------------------------


INFO:root:19 features selected
INFO:root:
---------------------------------------------------------------------------------------------------------
------ Knooppunten koppelen aan bemalingsgebieden...		Sat Apr 28 11:44:53 2018
---------------------------------------------------------------------------------------------------------


INFO:root:19 selected
INFO:root:joining field count from polygon_lis_sum...
INFO:root:expression = "polygon_lis_sum_count"
INFO:root:polygon 'MERG23' bevat 2 objecten!
INFO:root:lege polygonen voorzien van VAN_KNOOPN-> 'LEEG-<OBJID>'
INFO:root:Bepaal in welk bemalingsgebied het eindpunt van afvoerrelatie ligt...
INFO:root:19 selected
INFO:root:velden met 'add_fld' : 'st1a' toevoegen op volgorde van 'order':
INFO:root:veld K_BEM_GEB toevoegen
INFO:root:veld K_KNP_NR toevoegen
INFO:root:veld K_ONTV_VAN toevoegen
INFO:root:veld K_LOOST_OP toevoegen
INFO:root:veld K_KNP_EIND toevoegen
INFO:root:veld X_OPPOMP toevoegen
INFO:root:veld X_OBEMAL toevoegen
INFO:root:joining field K_LOOST_OP from eindknooppunten...
INFO:root:expression = "eindknooppunten_VAN_KNOO_1"
INFO:root:
---------------------------------------------------------------------------------------------------------
------ Bepaal onderbemaling en aantal keer oppompen...		Sat Apr 28 11:44:56 2018
---------------------------------------------------------------------------------------------------------


INFO:root:netwerk opslaan als graph...
INFO:root:onderbemaling bepalen voor rioolgemalen en zuiveringen...
INFO:root:
---------------------------------------------------------------------------------------------------------
------ Controleer topologie bemalingsgebieden...		Sat Apr 28 11:44:56 2018
---------------------------------------------------------------------------------------------------------


INFO:root:polygon 'MERG23' bevat 2 objecten!
INFO:root:lege polygonen voorzien van VAN_KNOOPN-> 'LEEG-<OBJID>'
INFO:root:	overlap tussen bemalingsgebieden LEEG-35|LEEG-3
INFO:root:
---------------------------------------------------------------------------------------------------------
------ Overige velden overnemen uit knooppunten Kikker...		Sat Apr 28 11:44:57 2018
---------------------------------------------------------------------------------------------------------


INFO:root:velden met 'add_fld' : 'st1b' toevoegen op volgorde van 'order':
INFO:root:veld K_INST_TOT toevoegen
INFO:root:veld POC_B_M3_T toevoegen
INFO:root:veld POC_B_MM_T toevoegen
INFO:root:veld DWR_TOT toevoegen
INFO:root:veld CAP_ONTW toevoegen
INFO:root:veld POC_O_M3_T toevoegen
INFO:root:veld POC_O_MM_T toevoegen
INFO:root:veld HA_TOT_G toevoegen
INFO:root:veld K_BR_ST_M3 toevoegen
INFO:root:veld K_OSH toevoegen
INFO:root:veld K_BERG_VL toevoegen
INFO:root:veld K_BR_RZ_M3 toevoegen
INFO:root:joining field K_KNP_NR from medemblik_MLA_punt...
INFO:root:expression = "medemblik_MLA_punt_VAN_KNOOPN"
INFO:root:joining field K_BEM_GEB from medemblik_MLA_punt...
INFO:root:expression = "medemblik_MLA_punt_NAAM"
INFO:root:joining field K_INST_TOT from medemblik_MLA_punt...
INFO:root:expression = "medemblik_MLA_punt_CAP_INST_M"
INFO:root:joining field K_BR_ST_M3 from medemblik_MLA_punt...
INFO:root:expression = "medemblik_MLA_punt_BERGING_M3"
INFO:root:joining field K_OSH from medemblik_MLA_punt...
INFO:root:expression = "medemblik_MLA_punt_LAAGSTE_OS"
INFO:root:medemblik_MLA_punt
INFO:root:medemblik_MLA_lijn
INFO:root:DRINKWATER_BAG_2015
INFO:root:VE_2017_MV
INFO:root:Plancap_RIGO_jun_2017
INFO:root:verhard_opp
INFO:root:bemalingsgebieden overlap
INFO:root:inp_afvoerrelatie = medemblik_MLA_lijn
INFO:root:
---------------------------------------------------------------------------------------------------------
------ Veld-info ophalen...		Sat Apr 28 11:46:38 2018
---------------------------------------------------------------------------------------------------------


INFO:root:
---------------------------------------------------------------------------------------------------------
------ Knooppunten genereren...		Sat Apr 28 11:46:39 2018
---------------------------------------------------------------------------------------------------------


INFO:root:19 features selected
INFO:root:
---------------------------------------------------------------------------------------------------------
------ Knooppunten koppelen aan bemalingsgebieden...		Sat Apr 28 11:46:39 2018
---------------------------------------------------------------------------------------------------------


INFO:root:19 selected
INFO:root:joining field count from polygon_lis_sum...
INFO:root:expression = "polygon_lis_sum_count"
INFO:root:polygon 'MERG23' bevat 2 objecten!
INFO:root:lege polygonen voorzien van VAN_KNOOPN-> 'LEEG-<OBJID>'
INFO:root:Bepaal in welk bemalingsgebied het eindpunt van afvoerrelatie ligt...
INFO:root:19 selected
INFO:root:velden met 'add_fld' : 'st1a' toevoegen op volgorde van 'order':
INFO:root:veld K_BEM_GEB toevoegen
INFO:root:veld K_KNP_NR toevoegen
INFO:root:veld K_ONTV_VAN toevoegen
INFO:root:veld K_LOOST_OP toevoegen
INFO:root:veld K_KNP_EIND toevoegen
INFO:root:veld X_OPPOMP toevoegen
INFO:root:veld X_OBEMAL toevoegen
INFO:root:joining field K_LOOST_OP from eindknooppunten...
INFO:root:expression = "eindknooppunten_VAN_KNOO_1"
INFO:root:
---------------------------------------------------------------------------------------------------------
------ Bepaal onderbemaling en aantal keer oppompen...		Sat Apr 28 11:46:41 2018
---------------------------------------------------------------------------------------------------------


INFO:root:netwerk opslaan als graph...
INFO:root:onderbemaling bepalen voor rioolgemalen en zuiveringen...
INFO:root:
---------------------------------------------------------------------------------------------------------
------ Controleer topologie bemalingsgebieden...		Sat Apr 28 11:46:41 2018
---------------------------------------------------------------------------------------------------------


INFO:root:polygon 'MERG23' bevat 2 objecten!
INFO:root:lege polygonen voorzien van VAN_KNOOPN-> 'LEEG-<OBJID>'
INFO:root:	overlap tussen bemalingsgebieden LEEG-35|LEEG-3
INFO:root:
---------------------------------------------------------------------------------------------------------
------ Overige velden overnemen uit knooppunten Kikker...		Sat Apr 28 11:46:42 2018
---------------------------------------------------------------------------------------------------------


INFO:root:velden met 'add_fld' : 'st1b' toevoegen op volgorde van 'order':
INFO:root:veld K_INST_TOT toevoegen
INFO:root:veld POC_B_M3_T toevoegen
INFO:root:veld POC_B_MM_T toevoegen
INFO:root:veld DWR_TOT toevoegen
INFO:root:veld CAP_ONTW toevoegen
INFO:root:veld POC_O_M3_T toevoegen
INFO:root:veld POC_O_MM_T toevoegen
INFO:root:veld HA_TOT_G toevoegen
INFO:root:veld K_BR_ST_M3 toevoegen
INFO:root:veld K_OSH toevoegen
INFO:root:veld K_BERG_VL toevoegen
INFO:root:veld K_BR_RZ_M3 toevoegen
INFO:root:joining field K_KNP_NR from medemblik_MLA_punt...
INFO:root:expression = "medemblik_MLA_punt_VAN_KNOOPN"
INFO:root:joining field K_BEM_GEB from medemblik_MLA_punt...
INFO:root:expression = "medemblik_MLA_punt_NAAM"
INFO:root:joining field K_INST_TOT from medemblik_MLA_punt...
INFO:root:expression = "medemblik_MLA_punt_CAP_INST_M"
INFO:root:joining field K_BR_ST_M3 from medemblik_MLA_punt...
INFO:root:expression = "medemblik_MLA_punt_BERGING_M3"
INFO:root:joining field K_OSH from medemblik_MLA_punt...
INFO:root:expression = "medemblik_MLA_punt_LAAGSTE_OS"
INFO:root:medemblik_MLA_punt
INFO:root:medemblik_MLA_lijn
INFO:root:DRINKWATER_BAG_2015
INFO:root:VE_2017_MV
INFO:root:Plancap_RIGO_jun_2017
INFO:root:verhard_opp
INFO:root:bemalingsgebieden overlap
INFO:root:inp_afvoerrelatie = medemblik_MLA_lijn
INFO:root:
---------------------------------------------------------------------------------------------------------
------ Veld-info ophalen...		Sat Apr 28 11:46:54 2018
---------------------------------------------------------------------------------------------------------


INFO:root:
---------------------------------------------------------------------------------------------------------
------ Knooppunten genereren...		Sat Apr 28 11:46:54 2018
---------------------------------------------------------------------------------------------------------


INFO:root:19 features selected
INFO:root:
---------------------------------------------------------------------------------------------------------
------ Knooppunten koppelen aan bemalingsgebieden...		Sat Apr 28 11:46:54 2018
---------------------------------------------------------------------------------------------------------


INFO:root:19 selected
INFO:root:joining field count from polygon_lis_sum...
INFO:root:expression = "polygon_lis_sum_count"
INFO:root:polygon 'MERG23' bevat 2 objecten!
INFO:root:lege polygonen voorzien van VAN_KNOOPN-> 'LEEG-<OBJID>'
INFO:root:Bepaal in welk bemalingsgebied het eindpunt van afvoerrelatie ligt...
INFO:root:19 selected
INFO:root:velden met 'add_fld' : 'st1a' toevoegen op volgorde van 'order':
INFO:root:veld K_BEM_GEB toevoegen
INFO:root:veld K_KNP_NR toevoegen
INFO:root:veld K_ONTV_VAN toevoegen
INFO:root:veld K_LOOST_OP toevoegen
INFO:root:veld K_KNP_EIND toevoegen
INFO:root:veld X_OPPOMP toevoegen
INFO:root:veld X_OBEMAL toevoegen
INFO:root:joining field K_LOOST_OP from eindknooppunten...
INFO:root:expression = "eindknooppunten_VAN_KNOO_1"
INFO:root:
---------------------------------------------------------------------------------------------------------
------ Bepaal onderbemaling en aantal keer oppompen...		Sat Apr 28 11:46:56 2018
---------------------------------------------------------------------------------------------------------


INFO:root:netwerk opslaan als graph...
INFO:root:onderbemaling bepalen voor rioolgemalen en zuiveringen...
INFO:root:
---------------------------------------------------------------------------------------------------------
------ Controleer topologie bemalingsgebieden...		Sat Apr 28 11:46:57 2018
---------------------------------------------------------------------------------------------------------


INFO:root:polygon 'MERG23' bevat 2 objecten!
INFO:root:lege polygonen voorzien van VAN_KNOOPN-> 'LEEG-<OBJID>'
INFO:root:	overlap tussen bemalingsgebieden LEEG-35|LEEG-3
INFO:root:
---------------------------------------------------------------------------------------------------------
------ Overige velden overnemen uit knooppunten Kikker...		Sat Apr 28 11:46:57 2018
---------------------------------------------------------------------------------------------------------


INFO:root:velden met 'add_fld' : 'st1b' toevoegen op volgorde van 'order':
INFO:root:veld K_INST_TOT toevoegen
INFO:root:veld POC_B_M3_T toevoegen
INFO:root:veld POC_B_MM_T toevoegen
INFO:root:veld DWR_TOT toevoegen
INFO:root:veld CAP_ONTW toevoegen
INFO:root:veld POC_O_M3_T toevoegen
INFO:root:veld POC_O_MM_T toevoegen
INFO:root:veld HA_TOT_G toevoegen
INFO:root:veld K_BR_ST_M3 toevoegen
INFO:root:veld K_OSH toevoegen
INFO:root:veld K_BERG_VL toevoegen
INFO:root:veld K_BR_RZ_M3 toevoegen
INFO:root:joining field K_KNP_NR from medemblik_MLA_punt...
INFO:root:expression = "medemblik_MLA_punt_VAN_KNOOPN"
INFO:root:joining field K_BEM_GEB from medemblik_MLA_punt...
INFO:root:expression = "medemblik_MLA_punt_NAAM"
INFO:root:joining field K_INST_TOT from medemblik_MLA_punt...
INFO:root:expression = "medemblik_MLA_punt_CAP_INST_M"
INFO:root:joining field K_BR_ST_M3 from medemblik_MLA_punt...
INFO:root:expression = "medemblik_MLA_punt_BERGING_M3"
INFO:root:joining field K_OSH from medemblik_MLA_punt...
INFO:root:expression = "medemblik_MLA_punt_LAAGSTE_OS"
INFO:root:medemblik_MLA_punt
INFO:root:medemblik_MLA_lijn
INFO:root:DRINKWATER_BAG_2015
INFO:root:VE_2017_MV
INFO:root:Plancap_RIGO_jun_2017
INFO:root:verhard_opp
INFO:root:bemalingsgebieden overlap
INFO:root:inp_afvoerrelatie = medemblik_MLA_lijn
INFO:root:
---------------------------------------------------------------------------------------------------------
------ Veld-info ophalen...		Wed May 02 13:23:36 2018
---------------------------------------------------------------------------------------------------------


INFO:root:
---------------------------------------------------------------------------------------------------------
------ Knooppunten genereren...		Wed May 02 13:23:36 2018
---------------------------------------------------------------------------------------------------------


INFO:root:19 features selected
INFO:root:
---------------------------------------------------------------------------------------------------------
------ Knooppunten koppelen aan bemalingsgebieden...		Wed May 02 13:23:36 2018
---------------------------------------------------------------------------------------------------------


INFO:root:19 selected
INFO:root:joining field count from polygon_lis_sum...
INFO:root:expression = "polygon_lis_sum_count"
INFO:root:polygon 'MERG23' bevat 2 objecten!
INFO:root:lege polygonen voorzien van VAN_KNOOPN-> 'LEEG-<OBJID>'
INFO:root:Bepaal in welk bemalingsgebied het eindpunt van afvoerrelatie ligt...
INFO:root:19 selected
INFO:root:velden met 'add_fld' : 'st1a' toevoegen op volgorde van 'order':
INFO:root:veld K_BEM_GEB toevoegen
INFO:root:veld K_KNP_NR toevoegen
INFO:root:veld K_ONTV_VAN toevoegen
INFO:root:veld K_LOOST_OP toevoegen
INFO:root:veld K_KNP_EIND toevoegen
INFO:root:veld X_OPPOMP toevoegen
INFO:root:veld X_OBEMAL toevoegen
INFO:root:joining field K_LOOST_OP from eindknooppunten...
INFO:root:expression = "eindknooppunten_VAN_KNOO_1"
INFO:root:
---------------------------------------------------------------------------------------------------------
------ Bepaal onderbemaling en aantal keer oppompen...		Wed May 02 13:23:38 2018
---------------------------------------------------------------------------------------------------------


INFO:root:netwerk opslaan als graph...
INFO:root:onderbemaling bepalen voor rioolgemalen en zuiveringen...
INFO:root:
---------------------------------------------------------------------------------------------------------
------ Controleer topologie bemalingsgebieden...		Wed May 02 13:23:39 2018
---------------------------------------------------------------------------------------------------------


INFO:root:polygon 'MERG23' bevat 2 objecten!
INFO:root:lege polygonen voorzien van VAN_KNOOPN-> 'LEEG-<OBJID>'
INFO:root:	overlap tussen bemalingsgebieden LEEG-35|LEEG-3
INFO:root:
---------------------------------------------------------------------------------------------------------
------ Overige velden overnemen uit knooppunten Kikker...		Wed May 02 13:23:39 2018
---------------------------------------------------------------------------------------------------------


INFO:root:velden met 'add_fld' : 'st1b' toevoegen op volgorde van 'order':
INFO:root:veld K_INST_TOT toevoegen
INFO:root:veld POC_B_M3_T toevoegen
INFO:root:veld POC_B_MM_T toevoegen
INFO:root:veld DWR_TOT toevoegen
INFO:root:veld CAP_ONTW toevoegen
INFO:root:veld POC_O_M3_T toevoegen
INFO:root:veld POC_O_MM_T toevoegen
INFO:root:veld HA_TOT_G toevoegen
INFO:root:veld K_BR_ST_M3 toevoegen
INFO:root:veld K_OSH toevoegen
INFO:root:veld K_BERG_VL toevoegen
INFO:root:veld K_BR_RZ_M3 toevoegen
INFO:root:joining field K_KNP_NR from medemblik_MLA_punt...
INFO:root:expression = "medemblik_MLA_punt_VAN_KNOOPN"
INFO:root:joining field K_BEM_GEB from medemblik_MLA_punt...
INFO:root:expression = "medemblik_MLA_punt_NAAM"
INFO:root:joining field K_INST_TOT from medemblik_MLA_punt...
INFO:root:expression = "medemblik_MLA_punt_CAP_INST_M"
INFO:root:joining field K_BR_ST_M3 from medemblik_MLA_punt...
INFO:root:expression = "medemblik_MLA_punt_BERGING_M3"
INFO:root:joining field K_OSH from medemblik_MLA_punt...
INFO:root:expression = "medemblik_MLA_punt_LAAGSTE_OS"
INFO:root:medemblik_MLA_punt
INFO:root:medemblik_MLA_lijn
INFO:root:DRINKWATER_BAG_2015
INFO:root:VE_2017_MV
INFO:root:Plancap_RIGO_jun_2017
INFO:root:verhard_opp
INFO:root:bemalingsgebieden overlap
INFO:root:inp_afvoerrelatie = medemblik_MLA_lijn
INFO:root:
---------------------------------------------------------------------------------------------------------
------ Veld-info ophalen...		Wed May 02 13:26:22 2018
---------------------------------------------------------------------------------------------------------


INFO:root:
---------------------------------------------------------------------------------------------------------
------ Knooppunten genereren...		Wed May 02 13:26:22 2018
---------------------------------------------------------------------------------------------------------


INFO:root:19 features selected
INFO:root:
---------------------------------------------------------------------------------------------------------
------ Knooppunten koppelen aan bemalingsgebieden...		Wed May 02 13:26:22 2018
---------------------------------------------------------------------------------------------------------


INFO:root:19 selected
INFO:root:joining field count from polygon_lis_sum...
INFO:root:expression = "polygon_lis_sum_count"
INFO:root:polygon 'MERG23' bevat 2 objecten!
INFO:root:lege polygonen voorzien van VAN_KNOOPN-> 'LEEG-<OBJID>'
INFO:root:Bepaal in welk bemalingsgebied het eindpunt van afvoerrelatie ligt...
INFO:root:19 selected
INFO:root:velden met 'add_fld' : 'st1a' toevoegen op volgorde van 'order':
INFO:root:veld K_BEM_GEB toevoegen
INFO:root:veld K_KNP_NR toevoegen
INFO:root:veld K_ONTV_VAN toevoegen
INFO:root:veld K_LOOST_OP toevoegen
INFO:root:veld K_KNP_EIND toevoegen
INFO:root:veld X_OPPOMP toevoegen
INFO:root:veld X_OBEMAL toevoegen
INFO:root:joining field K_LOOST_OP from eindknooppunten...
INFO:root:expression = "eindknooppunten_VAN_KNOO_1"
INFO:root:
---------------------------------------------------------------------------------------------------------
------ Bepaal onderbemaling en aantal keer oppompen...		Wed May 02 13:26:24 2018
---------------------------------------------------------------------------------------------------------


INFO:root:netwerk opslaan als graph...
INFO:root:onderbemaling bepalen voor rioolgemalen en zuiveringen...
INFO:root:
---------------------------------------------------------------------------------------------------------
------ Controleer topologie bemalingsgebieden...		Wed May 02 13:26:24 2018
---------------------------------------------------------------------------------------------------------


INFO:root:polygon 'MERG23' bevat 2 objecten!
INFO:root:lege polygonen voorzien van VAN_KNOOPN-> 'LEEG-<OBJID>'
INFO:root:	overlap tussen bemalingsgebieden LEEG-35|LEEG-3
INFO:root:
---------------------------------------------------------------------------------------------------------
------ Overige velden overnemen uit knooppunten Kikker...		Wed May 02 13:26:24 2018
---------------------------------------------------------------------------------------------------------


INFO:root:velden met 'add_fld' : 'st1b' toevoegen op volgorde van 'order':
INFO:root:veld K_INST_TOT toevoegen
INFO:root:veld POC_B_M3_T toevoegen
INFO:root:veld POC_B_MM_T toevoegen
INFO:root:veld DWR_TOT toevoegen
INFO:root:veld CAP_ONTW toevoegen
INFO:root:veld POC_O_M3_T toevoegen
INFO:root:veld POC_O_MM_T toevoegen
INFO:root:veld HA_TOT_G toevoegen
INFO:root:veld K_BR_ST_M3 toevoegen
INFO:root:veld K_OSH toevoegen
INFO:root:veld K_BERG_VL toevoegen
INFO:root:veld K_BR_RZ_M3 toevoegen
INFO:root:joining field K_KNP_NR from medemblik_MLA_punt...
INFO:root:expression = "medemblik_MLA_punt_VAN_KNOOPN"
INFO:root:joining field K_BEM_GEB from medemblik_MLA_punt...
INFO:root:expression = "medemblik_MLA_punt_NAAM"
INFO:root:joining field K_INST_TOT from medemblik_MLA_punt...
INFO:root:expression = "medemblik_MLA_punt_CAP_INST_M"
INFO:root:joining field K_BR_ST_M3 from medemblik_MLA_punt...
INFO:root:expression = "medemblik_MLA_punt_BERGING_M3"
INFO:root:joining field K_OSH from medemblik_MLA_punt...
INFO:root:expression = "medemblik_MLA_punt_LAAGSTE_OS"
INFO:root:medemblik_MLA_punt
INFO:root:medemblik_MLA_lijn
INFO:root:DRINKWATER_BAG_2015
INFO:root:VE_2017_MV
INFO:root:Plancap_RIGO_jun_2017
INFO:root:verhard_opp
INFO:root:bemalingsgebieden overlap
INFO:root:inp_afvoerrelatie = medemblik_MLA_lijn
INFO:root:
---------------------------------------------------------------------------------------------------------
------ Veld-info ophalen...		Wed May 02 13:26:42 2018
---------------------------------------------------------------------------------------------------------


INFO:root:
---------------------------------------------------------------------------------------------------------
------ Knooppunten genereren...		Wed May 02 13:26:42 2018
---------------------------------------------------------------------------------------------------------


INFO:root:19 features selected
INFO:root:
---------------------------------------------------------------------------------------------------------
------ Knooppunten koppelen aan bemalingsgebieden...		Wed May 02 13:26:42 2018
---------------------------------------------------------------------------------------------------------


INFO:root:19 selected
INFO:root:polygon 'MERG23' bevat 2 objecten!
INFO:root:lege polygonen voorzien van VAN_KNOOPN-> 'LEEG-<OBJID>'
INFO:root:Bepaal in welk bemalingsgebied het eindpunt van afvoerrelatie ligt...
INFO:root:19 selected
INFO:root:
---------------------------------------------------------------------------------------------------------
------ Bepaal onderbemaling en aantal keer oppompen...		Wed May 02 13:26:44 2018
---------------------------------------------------------------------------------------------------------


INFO:root:netwerk opslaan als graph...
INFO:root:onderbemaling bepalen voor rioolgemalen en zuiveringen...
INFO:root:
---------------------------------------------------------------------------------------------------------
------ Controleer topologie bemalingsgebieden...		Wed May 02 13:26:44 2018
---------------------------------------------------------------------------------------------------------


INFO:root:polygon 'MERG23' bevat 2 objecten!
INFO:root:lege polygonen voorzien van VAN_KNOOPN-> 'LEEG-<OBJID>'
INFO:root:	overlap tussen bemalingsgebieden LEEG-35|LEEG-3
INFO:root:
---------------------------------------------------------------------------------------------------------
------ Overige velden overnemen uit knooppunten Kikker...		Wed May 02 13:26:45 2018
---------------------------------------------------------------------------------------------------------


INFO:root:medemblik_MLA_punt
INFO:root:medemblik_MLA_lijn
INFO:root:DRINKWATER_BAG_2015
INFO:root:VE_2017_MV
INFO:root:Plancap_RIGO_jun_2017
INFO:root:verhard_opp
INFO:root:bemalingsgebieden overlap
INFO:root:inp_afvoerrelatie = medemblik_MLA_lijn
INFO:root:
---------------------------------------------------------------------------------------------------------
------ Veld-info ophalen...		Wed May 02 13:27:26 2018
---------------------------------------------------------------------------------------------------------


INFO:root:
---------------------------------------------------------------------------------------------------------
------ Knooppunten genereren...		Wed May 02 13:27:26 2018
---------------------------------------------------------------------------------------------------------


INFO:root:19 features selected
INFO:root:
---------------------------------------------------------------------------------------------------------
------ Knooppunten koppelen aan bemalingsgebieden...		Wed May 02 13:27:26 2018
---------------------------------------------------------------------------------------------------------


INFO:root:19 selected
INFO:root:polygon 'MERG23' bevat 2 objecten!
INFO:root:lege polygonen voorzien van VAN_KNOOPN-> 'LEEG-<OBJID>'
INFO:root:Bepaal in welk bemalingsgebied het eindpunt van afvoerrelatie ligt...
INFO:root:19 selected
INFO:root:
---------------------------------------------------------------------------------------------------------
------ Bepaal onderbemaling en aantal keer oppompen...		Wed May 02 13:27:28 2018
---------------------------------------------------------------------------------------------------------


INFO:root:netwerk opslaan als graph...
INFO:root:onderbemaling bepalen voor rioolgemalen en zuiveringen...
INFO:root:
---------------------------------------------------------------------------------------------------------
------ Controleer topologie bemalingsgebieden...		Wed May 02 13:27:28 2018
---------------------------------------------------------------------------------------------------------


INFO:root:polygon 'MERG23' bevat 2 objecten!
INFO:root:lege polygonen voorzien van VAN_KNOOPN-> 'LEEG-<OBJID>'
INFO:root:	overlap tussen bemalingsgebieden LEEG-35|LEEG-3
INFO:root:
---------------------------------------------------------------------------------------------------------
------ Overige velden overnemen uit knooppunten Kikker...		Wed May 02 13:27:28 2018
---------------------------------------------------------------------------------------------------------


INFO:root:medemblik_MLA_punt
INFO:root:medemblik_MLA_lijn
INFO:root:DRINKWATER_BAG_2015
INFO:root:VE_2017_MV
INFO:root:Plancap_RIGO_jun_2017
INFO:root:verhard_opp
INFO:root:bemalingsgebieden overlap
INFO:root:inp_afvoerrelatie = medemblik_MLA_lijn
INFO:root:
---------------------------------------------------------------------------------------------------------
------ Veld-info ophalen...		Wed May 02 15:43:54 2018
---------------------------------------------------------------------------------------------------------


INFO:root:VULTIJD_U
{'field_type': 'DOUBLE', 'field_alias': 'Vultijd (uur, (tijdens droogweer))', 'bereken': '08_ber', 'add_fld': 'st2a', 'mag_niet_0_zijn': ['DWR_TOT'], 'expression': '[K_BR_ST_M3]/[DWR_TOT]', 'order': '23'}
INFO:root:AW_25_50_G
{'field_type': 'DOUBLE', 'field_alias': 'X Afvw. 25 t/m 50 (G) (m3/u)', 'bereken': '01_spj', 'add_fld': 'st2a', 'mag_niet_0_zijn': [''], 'order': '44'}
INFO:root:PI_VGS_G
{'field_type': 'DOUBLE', 'field_alias': '% HWA riool', 'bereken': '07_ber', 'add_fld': 'st3a', 'mag_niet_0_zijn': ['HA_BEM_G'], 'expression': '[HA_VGS_G]/[HA_BEM_G]*100', 'order': '58'}
INFO:root:HA_GEM_G
{'field_type': 'DOUBLE', 'field_alias': 'Oppervlak Gemengd (G) (ha)', 'bereken': '06_stat_verh_opp', 'add_fld': 'st3a', 'mag_niet_0_zijn': [''], 'order': '50'}
INFO:root:AW_25_50_O
{'field_type': 'DOUBLE', 'field_alias': 'X Afvw. 25 t/m 50 (O) (m3/u)', 'bereken': '03_obm', 'add_fld': 'st2a', 'mag_niet_0_zijn': [''], 'expression': 'onderbem(AW_25_50_G)', 'order': '45'}
INFO:root:PI_HWA_G
{'field_type': 'DOUBLE', 'field_alias': '% VGS (HWA-riool)', 'bereken': '07_ber', 'add_fld': 'st3a', 'mag_niet_0_zijn': ['HA_BEM_G'], 'expression': '[HA_HWA_G]/[HA_BEM_G]*100', 'order': '59'}
INFO:root:X_WON_TOT
{'field_type': 'LONG', 'field_alias': 'Aantal woningen (T)', 'bereken': '04_ber', 'add_fld': 'st2a', 'mag_niet_0_zijn': [''], 'expression': '[X_WON_GEB] + [X_WON_ONBG]', 'order': '32'}
INFO:root:K_BR_ST_M3
{'field_type': 'DOUBLE', 'field_alias': 'Berging stelsel (m3)', 'bereken': '01_kikker', 'add_fld': 'st1b', 'mag_niet_0_zijn': [''], 'order': '16'}
INFO:root:AW_25_50_T
{'field_type': 'DOUBLE', 'field_alias': 'X Afvw. 25 t/m 50 (T) (m3/u)', 'bereken': '04_ber', 'add_fld': 'st2a', 'mag_niet_0_zijn': [''], 'expression': '[AW_25_50_G]+[AW_25_50_O]', 'order': '43'}
INFO:root:DWA_BAG
{'field_type': 'DOUBLE', 'field_alias': 'DWA obv woningen (m3/u)', 'bereken': '05_ber', 'add_fld': 'st2a', 'mag_niet_0_zijn': [''], 'expression': '[X_WON_TOT] * 2.5 * 0.012', 'order': '35'}
INFO:root:HA_NAG_G
{'field_type': 'DOUBLE', 'field_alias': 'Ha Niet aangesloten', 'bereken': '06_stat_verh_opp', 'add_fld': 'st3a', 'mag_niet_0_zijn': [''], 'order': '54'}
INFO:root:K_BERG_VL
{'field_type': 'DOUBLE', 'field_alias': 'Verloren berging stelsel (m3)', 'bereken': '01_kikker', 'add_fld': 'st1b', 'mag_niet_0_zijn': [''], 'order': '18'}
INFO:root:PI_OPW_G
{'field_type': 'DOUBLE', 'field_alias': '% Oppervlaktewater', 'bereken': '07_ber', 'add_fld': 'st3a', 'mag_niet_0_zijn': ['HA_BEM_G'], 'expression': '[HA_OPW_G]/[HA_BEM_G]*100', 'order': '60'}
INFO:root:POC_B_M3_T
{'field_type': 'DOUBLE', 'field_alias': 'POC beschikbaar (T) (m3/h)', 'bereken': '10_ber', 'add_fld': 'st1b', 'mag_niet_0_zijn': [''], 'expression': '[POC_B_M3_G] + [POC_B_M3_O]', 'order': '9'}
INFO:root:ZAK_RESULT
{'field_type': 'DOUBLE', 'field_alias': 'Zak. drinkwaterv. (G)(m3/u)', 'bereken': '01_spj', 'add_fld': 'st2a', 'mag_niet_0_zijn': [''], 'order': '47'}
INFO:root:HA_BEM_G
{'field_type': 'DOUBLE', 'field_alias': 'Ha totaal opp bemalingsgebied', 'bereken': '06_stat_verh_opp', 'add_fld': 'st2a', 'mag_niet_0_zijn': [''], 'order': '48'}
INFO:root:DWR_ONBG
{'field_type': 'DOUBLE', 'field_alias': 'DWA obv drwater (O) (m3/h)', 'bereken': '03_obm', 'add_fld': 'st2a', 'mag_niet_0_zijn': [''], 'expression': 'onderbem(DWR_GEBIED)', 'order': '25'}
INFO:root:POC_O_M3_O
{'field_type': 'DOUBLE', 'field_alias': 'POC ontwerp (O) (m3/h)', 'bereken': '09_obm', 'add_fld': 'st2a', 'mag_niet_0_zijn': [''], 'expression': 'onderbem(POC_O_M3_G)', 'order': '29'}
INFO:root:K_KNP_EIND
{'field_type': 'TEXT', 'field_alias': 'Eindbemalingsgebied', 'bereken': '00_graph', 'add_fld': 'st1a', 'mag_niet_0_zijn': [''], 'field_length': 60, 'order': '5'}
INFO:root:PI_GEM_G
{'field_type': 'DOUBLE', 'field_alias': '% Gemengd riool', 'bereken': '07_ber', 'add_fld': 'st3a', 'mag_niet_0_zijn': ['HA_BEM_G'], 'expression': '[HA_GEM_G]/[HA_BEM_G]*100', 'order': '57'}
INFO:root:HA_VER_G
{'field_type': 'DOUBLE', 'field_alias': 'Ha verhard opp bemalingsgebied', 'bereken': '06_stat_verh_opp', 'add_fld': 'st3a', 'mag_niet_0_zijn': [''], 'expression': '[HA_GEM_G]+[HA_VGS_G]+[HA_HWA_G]+[HA_OPW_G]+[HA_NAG_G]+[HA_OBK_G]', 'order': '49'}
INFO:root:POC_O_M3_G
{'field_type': 'DOUBLE', 'field_alias': 'POC ontwerp (G) (m3/h)', 'bereken': '08_ber', 'add_fld': 'st2a', 'mag_niet_0_zijn': [''], 'expression': '([HA_GEM_G]*10*0.7)+([HA_VGS_G]*10*0.3)', 'order': '28'}
INFO:root:X_OBEMAL
{'field_type': 'LONG', 'field_alias': 'Aantal onderbemalingen', 'bereken': '00_graph', 'add_fld': 'st1a', 'mag_niet_0_zijn': [''], 'order': '7'}
INFO:root:DWA_VE_TOT
{'field_type': 'DOUBLE', 'field_alias': "DWA obv ve's (T) (m3/u)", 'bereken': '04a_ber', 'add_fld': 'st2a', 'mag_niet_0_zijn': [''], 'expression': '[X_VE_TOT]*0.012', 'order': '39'}
INFO:root:DWR_GEBIED
{'field_type': 'DOUBLE', 'field_alias': 'DWA obv drwater (G) (m3/h)', 'bereken': '02_ber', 'add_fld': 'st2a', 'mag_niet_0_zijn': [''], 'expression': '[PAR_RESULT]+[ZAK_RESULT]', 'order': '24'}
INFO:root:OPP_PER_M2
{'field_type': 'DOUBLE', 'field_alias': 'Oppervlak per perceel (m2)', 'bereken': '08_ber', 'add_fld': 'st2a', 'mag_niet_0_zijn': ['X_WON_GEB'], 'expression': '[HA_TOT_G]*10000/[X_WON_GEB]', 'order': '22'}
INFO:root:X_WON_ONBG
{'field_type': 'LONG', 'field_alias': 'Aantal woningen (O)', 'bereken': '03_obm', 'add_fld': 'st2a', 'mag_niet_0_zijn': [''], 'expression': 'onderbem(X_WON_GEB)', 'order': '34'}
INFO:root:POC_B_M3_G
{'field_type': 'DOUBLE', 'field_alias': 'POC beschikbaar (B) (m3/h)', 'bereken': '08_ber', 'add_fld': 'st2a', 'mag_niet_0_zijn': [''], 'expression': '[K_INST_TOT] - [DWR_TOT]', 'order': '26'}
INFO:root:X_VE_ONBG
{'field_type': 'DOUBLE', 'field_alias': "Aantal ve's (O)", 'bereken': '03_obm', 'add_fld': 'st2a', 'mag_niet_0_zijn': [''], 'expression': 'onderbem(X_VE_GEB)', 'order': '38'}
INFO:root:PAR_RESULT
{'field_type': 'DOUBLE', 'field_alias': 'Part. drinkwaterv. (G) (m3/u)', 'bereken': '01_spj', 'add_fld': 'st2a', 'mag_niet_0_zijn': [''], 'order': '46'}
INFO:root:POC_O_MM_T
{'field_type': 'DOUBLE', 'field_alias': 'POC ontwerp (T) (mm/h)', 'bereken': '11_ber', 'add_fld': 'st1b', 'mag_niet_0_zijn': ['HA_TOT_G'], 'expression': '[POC_O_M3_T]/(10*[HA_TOT_G])', 'order': '14'}
INFO:root:X_VE_TOT
{'field_type': 'DOUBLE', 'field_alias': "Aantal ve's (T)", 'bereken': '04_ber', 'add_fld': 'st2a', 'mag_niet_0_zijn': [''], 'expression': '[X_VE_GEB]+[X_VE_ONBG]', 'order': '36'}
INFO:root:X_WON_GEB
{'field_type': 'LONG', 'field_alias': 'Aantal woningen (G)', 'bereken': '01_spj', 'add_fld': 'st2a', 'mag_niet_0_zijn': [''], 'order': '33'}
INFO:root:K_INST_TOT
{'field_type': 'DOUBLE', 'field_alias': 'Ge\xefnstalleerde capaciteit Rg (m3/h)', 'bereken': '01_kikker', 'add_fld': 'st1b', 'mag_niet_0_zijn': [''], 'order': '8'}
INFO:root:PI_VER_G
{'field_type': 'DOUBLE', 'field_alias': '% bemalingsgebied', 'bereken': '07_ber', 'add_fld': 'st3a', 'mag_niet_0_zijn': ['HA_BEM_G'], 'expression': '[HA_VER_G]/[HA_BEM_G]*100 ', 'order': '56'}
INFO:root:POC_B_M3_O
{'field_type': 'DOUBLE', 'field_alias': 'POC beschikbaar (O) (m3/h)', 'bereken': '09_obm', 'add_fld': 'st2a', 'mag_niet_0_zijn': [''], 'expression': 'onderbem(POC_B_M3_G)', 'order': '27'}
INFO:root:X_VE_GEB
{'field_type': 'DOUBLE', 'field_alias': "Aantal ve's (G)", 'bereken': '01_spj', 'add_fld': 'st2a', 'mag_niet_0_zijn': [''], 'order': '37'}
INFO:root:K_BEM_GEB
{'field_type': 'TEXT', 'field_alias': 'Naam Bem Gebied', 'bereken': '01_kikker', 'add_fld': 'st1a', 'mag_niet_0_zijn': [''], 'field_length': 50, 'order': '1'}
INFO:root:POC_O_M3_T
{'field_type': 'DOUBLE', 'field_alias': 'POC ontwerp (T) (m3/h)', 'bereken': '10_ber', 'add_fld': 'st1b', 'mag_niet_0_zijn': [''], 'expression': '[POC_O_M3_G]+[POC_O_M3_O]', 'order': '13'}
INFO:root:X_OPPOMP
{'field_type': 'LONG', 'field_alias': 'Aantal X op pompen', 'bereken': '00_graph', 'add_fld': 'st1a', 'mag_niet_0_zijn': [''], 'order': '6'}
INFO:root:K_ONTV_VAN
{'field_type': 'TEXT', 'field_alias': 'Ontvangt van', 'bereken': '00_graph', 'add_fld': 'st1a', 'mag_niet_0_zijn': [''], 'field_length': 1000, 'order': '3'}
INFO:root:PI_NAG_G
{'field_type': 'DOUBLE', 'field_alias': '% Niet aangesloten', 'bereken': '07_ber', 'add_fld': 'st3a', 'mag_niet_0_zijn': ['HA_BEM_G'], 'expression': '[HA_NAG_G]/[HA_BEM_G]*100', 'order': '61'}
INFO:root:BERG_ST_MM
{'field_type': 'DOUBLE', 'field_alias': 'Berging stelsel (mm)', 'bereken': '08_ber', 'add_fld': 'st2a', 'mag_niet_0_zijn': ['HA_TOT_G'], 'expression': '[K_BR_ST_M3]/[HA_TOT_G]/10', 'order': '20'}
INFO:root:CAP_ONTW
{'field_type': 'DOUBLE', 'field_alias': 'Ontwerp capaciteit Rg (m3/h)', 'bereken': '11_ber', 'add_fld': 'st1b', 'mag_niet_0_zijn': [''], 'expression': '[DWR_TOT]+[POC_O_M3_T]', 'order': '12'}
INFO:root:HA_VGS_G
{'field_type': 'DOUBLE', 'field_alias': 'Oppervlak VGS (G) (ha)', 'bereken': '06_stat_verh_opp', 'add_fld': 'st3a', 'mag_niet_0_zijn': [''], 'order': '51'}
INFO:root:AW_15_24_O
{'field_type': 'DOUBLE', 'field_alias': 'X Afvw. t/m 2024 (O) (m3/u)', 'bereken': '03_obm', 'add_fld': 'st2a', 'mag_niet_0_zijn': [''], 'expression': 'onderbem(AW_15_24_G)', 'order': '42'}
INFO:root:K_OSH
{'field_type': 'DOUBLE', 'field_alias': 'Laagste OSH (NAP)', 'bereken': '01_kikker', 'add_fld': 'st1b', 'mag_niet_0_zijn': [''], 'order': '17'}
INFO:root:K_KNP_NR
{'field_type': 'TEXT', 'field_alias': 'Knoopnummer', 'bereken': '01_kikker', 'add_fld': 'st1a', 'mag_niet_0_zijn': [''], 'field_length': 50, 'order': '2'}
INFO:root:HA_TOT_G
{'field_type': 'DOUBLE', 'field_alias': 'Totaal Afvoerend oppervlak (G) (ha)', 'bereken': '07_ber', 'add_fld': 'st1b', 'mag_niet_0_zijn': [''], 'expression': '[HA_GEM_G]+[HA_VGS_G]', 'order': '15'}
INFO:root:AW_15_24_G
{'field_type': 'DOUBLE', 'field_alias': 'X Afvw. t/m 2024 (G) (m3/u)', 'bereken': '01_spj', 'add_fld': 'st2a', 'mag_niet_0_zijn': [''], 'order': '41'}
INFO:root:AW_15_24_T
{'field_type': 'DOUBLE', 'field_alias': 'X Afvw. t/m 2024 (T) (m3/u)', 'bereken': '04_ber', 'add_fld': 'st2a', 'mag_niet_0_zijn': [''], 'expression': '[AW_15_24_G]+[AW_15_24_O]', 'order': '40'}
INFO:root:HA_HWA_G
{'field_type': 'DOUBLE', 'field_alias': 'Ha HWA riool', 'bereken': '06_stat_verh_opp', 'add_fld': 'st3a', 'mag_niet_0_zijn': [''], 'order': '52'}
INFO:root:DWR_TOT
{'field_type': 'DOUBLE', 'field_alias': 'DWA obv drwater (T) (m3/h)', 'bereken': '04_ber', 'add_fld': 'st1b', 'mag_niet_0_zijn': [''], 'expression': '[DWR_GEBIED]+[DWR_ONBG]', 'order': '11'}
INFO:root:PI_OBK_G
{'field_type': 'DOUBLE', 'field_alias': '% Onbekend', 'bereken': '07_ber', 'add_fld': 'st3a', 'mag_niet_0_zijn': ['HA_BEM_G'], 'expression': '[HA_OBK_G]/[HA_BEM_G]*100', 'order': '62'}
INFO:root:K_LOOST_OP
{'field_type': 'TEXT', 'field_alias': 'Loost op', 'bereken': '00_graph', 'add_fld': 'st1a', 'mag_niet_0_zijn': [''], 'field_length': 50, 'order': '4'}
INFO:root:BERG_RV_MM
{'field_type': 'DOUBLE', 'field_alias': 'Berging randvoorziening (mm)', 'bereken': '08_ber', 'add_fld': 'st2a', 'mag_niet_0_zijn': ['HA_TOT_G'], 'expression': '[K_BERG_VL]/[HA_TOT_G]/10', 'order': '21'}
INFO:root:HA_OBK_G
{'field_type': 'DOUBLE', 'field_alias': 'Ha Onbekend', 'bereken': '06_stat_verh_opp', 'add_fld': 'st3a', 'mag_niet_0_zijn': [''], 'order': '55'}
INFO:root:K_BR_RZ_M3
{'field_type': 'DOUBLE', 'field_alias': 'Berging randvoorziening (m3)', 'bereken': '01_kikker', 'add_fld': 'st1b', 'mag_niet_0_zijn': [''], 'order': '19'}
INFO:root:HA_OPW_G
{'field_type': 'DOUBLE', 'field_alias': 'Ha Oppervlaktewater', 'bereken': '06_stat_verh_opp', 'add_fld': 'st3a', 'mag_niet_0_zijn': [''], 'order': '53'}
INFO:root:POC_B_MM_T
{'field_type': 'DOUBLE', 'field_alias': 'POC beschikbaar (T) (mm/h)', 'bereken': '10_ber', 'add_fld': 'st1b', 'mag_niet_0_zijn': ['HA_TOT_G'], 'expression': '[POC_B_M3_T]/(10*[HA_TOT_G])', 'order': '10'}
INFO:root:
---------------------------------------------------------------------------------------------------------
------ Knooppunten genereren...		Wed May 02 15:43:54 2018
---------------------------------------------------------------------------------------------------------


INFO:root:19 features selected
INFO:root:
---------------------------------------------------------------------------------------------------------
------ Knooppunten koppelen aan bemalingsgebieden...		Wed May 02 15:43:54 2018
---------------------------------------------------------------------------------------------------------


INFO:root:19 selected
INFO:root:Bepaal in welk bemalingsgebied het eindpunt van afvoerrelatie ligt...
INFO:root:19 selected
INFO:root:
---------------------------------------------------------------------------------------------------------
------ Bepaal onderbemaling en aantal keer oppompen...		Wed May 02 15:43:55 2018
---------------------------------------------------------------------------------------------------------


INFO:root:netwerk opslaan als graph...
INFO:root:onderbemaling bepalen voor rioolgemalen en zuiveringen...
INFO:root:
---------------------------------------------------------------------------------------------------------
------ Controleer topologie bemalingsgebieden...		Wed May 02 15:43:55 2018
---------------------------------------------------------------------------------------------------------


INFO:root:geen overlap gevonden tussen bemalingsgebieden
INFO:root:
---------------------------------------------------------------------------------------------------------
------ Overige velden overnemen uit knooppunten Kikker...		Wed May 02 15:43:55 2018
---------------------------------------------------------------------------------------------------------


ERROR:root:geen output opgegeven!
INFO:root:
---------------------------------------------------------------------------------------------------------
------ Veld-info ophalen...		Wed May 02 16:11:39 2018
---------------------------------------------------------------------------------------------------------


INFO:root:medemblik_MLA_punt
INFO:root:medemblik_MLA_lijn
INFO:root:DRINKWATER_BAG_2015
INFO:root:VE_2017_MV
INFO:root:Plancap_RIGO_jun_2017
INFO:root:verhard_opp
INFO:root:medemblik_bemalingsgebieden
INFO:root:inp_afvoerrelatie = medemblik_MLA_lijn
INFO:root:
---------------------------------------------------------------------------------------------------------
------ Knooppunten genereren...		Wed May 02 16:11:39 2018
---------------------------------------------------------------------------------------------------------


INFO:root:19 features selected
INFO:root:
---------------------------------------------------------------------------------------------------------
------ Knooppunten koppelen aan bemalingsgebieden...		Wed May 02 16:11:39 2018
---------------------------------------------------------------------------------------------------------


INFO:root:19 selected
INFO:root:Bepaal in welk bemalingsgebied het eindpunt van afvoerrelatie ligt...
INFO:root:19 selected
INFO:root:
---------------------------------------------------------------------------------------------------------
------ Bepaal onderbemaling en aantal keer oppompen...		Wed May 02 16:11:39 2018
---------------------------------------------------------------------------------------------------------


INFO:root:netwerk opslaan als graph...
INFO:root:onderbemaling bepalen voor rioolgemalen en zuiveringen...
INFO:root:
---------------------------------------------------------------------------------------------------------
------ Controleer topologie bemalingsgebieden...		Wed May 02 16:11:39 2018
---------------------------------------------------------------------------------------------------------


INFO:root:geen overlap gevonden tussen bemalingsgebieden
INFO:root:
---------------------------------------------------------------------------------------------------------
------ Overige velden overnemen uit knooppunten Kikker...		Wed May 02 16:11:39 2018
---------------------------------------------------------------------------------------------------------


ERROR:root:geen output opgegeven!
INFO:root:
---------------------------------------------------------------------------------------------------------
------ Veld-info ophalen...		Wed May 02 16:12:28 2018
---------------------------------------------------------------------------------------------------------


INFO:root:medemblik_MLA_punt
INFO:root:medemblik_MLA_lijn
INFO:root:DRINKWATER_BAG_2015
INFO:root:VE_2017_MV
INFO:root:Plancap_RIGO_jun_2017
INFO:root:verhard_opp
INFO:root:medemblik_bemalingsgebieden
INFO:root:inp_afvoerrelatie = medemblik_MLA_lijn
INFO:root:
---------------------------------------------------------------------------------------------------------
------ Knooppunten genereren...		Wed May 02 16:12:28 2018
---------------------------------------------------------------------------------------------------------


INFO:root:19 features selected
INFO:root:
---------------------------------------------------------------------------------------------------------
------ Knooppunten koppelen aan bemalingsgebieden...		Wed May 02 16:12:28 2018
---------------------------------------------------------------------------------------------------------


INFO:root:19 selected
INFO:root:Bepaal in welk bemalingsgebied het eindpunt van afvoerrelatie ligt...
INFO:root:19 selected
INFO:root:
---------------------------------------------------------------------------------------------------------
------ Bepaal onderbemaling en aantal keer oppompen...		Wed May 02 16:12:28 2018
---------------------------------------------------------------------------------------------------------


INFO:root:netwerk opslaan als graph...
INFO:root:onderbemaling bepalen voor rioolgemalen en zuiveringen...
INFO:root:
---------------------------------------------------------------------------------------------------------
------ Controleer topologie bemalingsgebieden...		Wed May 02 16:12:28 2018
---------------------------------------------------------------------------------------------------------


INFO:root:geen overlap gevonden tussen bemalingsgebieden
INFO:root:
---------------------------------------------------------------------------------------------------------
------ Overige velden overnemen uit knooppunten Kikker...		Wed May 02 16:12:28 2018
---------------------------------------------------------------------------------------------------------


INFO:root:
---------------------------------------------------------------------------------------------------------
------ Veld-info ophalen...		Wed May 02 16:13:14 2018
---------------------------------------------------------------------------------------------------------


INFO:root:medemblik_MLA_punt
INFO:root:medemblik_MLA_lijn
INFO:root:DRINKWATER_BAG_2015
INFO:root:VE_2017_MV
INFO:root:Plancap_RIGO_jun_2017
INFO:root:verhard_opp
INFO:root:medemblik_bemalingsgebieden
INFO:root:inp_afvoerrelatie = medemblik_MLA_lijn
INFO:root:
---------------------------------------------------------------------------------------------------------
------ Knooppunten genereren...		Wed May 02 16:13:14 2018
---------------------------------------------------------------------------------------------------------


INFO:root:19 features selected
INFO:root:
---------------------------------------------------------------------------------------------------------
------ Knooppunten koppelen aan bemalingsgebieden...		Wed May 02 16:13:14 2018
---------------------------------------------------------------------------------------------------------


INFO:root:19 selected
INFO:root:Bepaal in welk bemalingsgebied het eindpunt van afvoerrelatie ligt...
INFO:root:19 selected
INFO:root:
---------------------------------------------------------------------------------------------------------
------ Bepaal onderbemaling en aantal keer oppompen...		Wed May 02 16:13:14 2018
---------------------------------------------------------------------------------------------------------


INFO:root:netwerk opslaan als graph...
INFO:root:onderbemaling bepalen voor rioolgemalen en zuiveringen...
INFO:root:
---------------------------------------------------------------------------------------------------------
------ Controleer topologie bemalingsgebieden...		Wed May 02 16:13:14 2018
---------------------------------------------------------------------------------------------------------


INFO:root:geen overlap gevonden tussen bemalingsgebieden
INFO:root:
---------------------------------------------------------------------------------------------------------
------ Overige velden overnemen uit knooppunten Kikker...		Wed May 02 16:13:15 2018
---------------------------------------------------------------------------------------------------------


WARNING:root:geen output opgegeven!
INFO:root:
---------------------------------------------------------------------------------------------------------
------ Veld-info ophalen...		Wed May 02 16:15:52 2018
---------------------------------------------------------------------------------------------------------


WARNING:root:import error 'xlrd': inp_fields.csv wordt gebruikt als input in plaats van inp_fields.xls!
INFO:root:medemblik_MLA_punt
INFO:root:medemblik_MLA_lijn
INFO:root:DRINKWATER_BAG_2015
INFO:root:VE_2017_MV
INFO:root:Plancap_RIGO_jun_2017
INFO:root:verhard_opp
INFO:root:medemblik_bemalingsgebieden
INFO:root:inp_afvoerrelatie = medemblik_MLA_lijn
INFO:root:
---------------------------------------------------------------------------------------------------------
------ Knooppunten genereren...		Wed May 02 16:15:52 2018
---------------------------------------------------------------------------------------------------------


INFO:root:19 features selected
INFO:root:
---------------------------------------------------------------------------------------------------------
------ Knooppunten koppelen aan bemalingsgebieden...		Wed May 02 16:15:53 2018
---------------------------------------------------------------------------------------------------------


INFO:root:19 selected
INFO:root:Bepaal in welk bemalingsgebied het eindpunt van afvoerrelatie ligt...
INFO:root:19 selected
INFO:root:
---------------------------------------------------------------------------------------------------------
------ Bepaal onderbemaling en aantal keer oppompen...		Wed May 02 16:15:53 2018
---------------------------------------------------------------------------------------------------------


INFO:root:netwerk opslaan als graph...
INFO:root:onderbemaling bepalen voor rioolgemalen en zuiveringen...
INFO:root:
---------------------------------------------------------------------------------------------------------
------ Controleer topologie bemalingsgebieden...		Wed May 02 16:15:53 2018
---------------------------------------------------------------------------------------------------------


INFO:root:geen overlap gevonden tussen bemalingsgebieden
INFO:root:
---------------------------------------------------------------------------------------------------------
------ Overige velden overnemen uit knooppunten Kikker...		Wed May 02 16:15:53 2018
---------------------------------------------------------------------------------------------------------


ERROR:root:geen output opgegeven!
INFO:root:
---------------------------------------------------------------------------------------------------------
------ Veld-info ophalen...		Wed May 02 16:16:22 2018
---------------------------------------------------------------------------------------------------------


WARNING:root:import error 'xlrd': inp_fields.csv wordt gebruikt als input in plaats van inp_fields.xls!
INFO:root:medemblik_MLA_punt
INFO:root:medemblik_MLA_lijn
INFO:root:DRINKWATER_BAG_2015
INFO:root:VE_2017_MV
INFO:root:Plancap_RIGO_jun_2017
INFO:root:verhard_opp
INFO:root:medemblik_bemalingsgebieden
INFO:root:inp_afvoerrelatie = medemblik_MLA_lijn
INFO:root:
---------------------------------------------------------------------------------------------------------
------ Knooppunten genereren...		Wed May 02 16:16:22 2018
---------------------------------------------------------------------------------------------------------


INFO:root:19 features selected
INFO:root:
---------------------------------------------------------------------------------------------------------
------ Knooppunten koppelen aan bemalingsgebieden...		Wed May 02 16:16:22 2018
---------------------------------------------------------------------------------------------------------


INFO:root:19 selected
INFO:root:Bepaal in welk bemalingsgebied het eindpunt van afvoerrelatie ligt...
INFO:root:19 selected
INFO:root:
---------------------------------------------------------------------------------------------------------
------ Bepaal onderbemaling en aantal keer oppompen...		Wed May 02 16:16:22 2018
---------------------------------------------------------------------------------------------------------


INFO:root:netwerk opslaan als graph...
INFO:root:onderbemaling bepalen voor rioolgemalen en zuiveringen...
INFO:root:
---------------------------------------------------------------------------------------------------------
------ Controleer topologie bemalingsgebieden...		Wed May 02 16:16:22 2018
---------------------------------------------------------------------------------------------------------


INFO:root:geen overlap gevonden tussen bemalingsgebieden
INFO:root:
---------------------------------------------------------------------------------------------------------
------ Overige velden overnemen uit knooppunten Kikker...		Wed May 02 16:16:22 2018
---------------------------------------------------------------------------------------------------------


ERROR:root:geen output opgegeven!
ERROR:root:Script afgebroken! Geen output opgegeven.
ERROR:root:Script afgebroken! Geen geldige output map opgegeven
ERROR:root:Script afgebroken! Geen geldige output map opgegeven 
ERROR:root:Script afgebroken! Geen geldige output map opgegeven sdfdsgf
ERROR:root:Script afgebroken! Geen geldige output map opgegeven (.)
ERROR:root:Script afgebroken! Geen geldige output map opgegeven (fwe3fw.)
WARNING:root:ImportError for QgsWKBTypes. Kan geen geometrie herkennen voor inputs. Controleer of juiste layers zijn geselecteerd
ERROR:root:Script afgebroken! Geen geldige output map opgegeven (...)
WARNING:root:ImportError for QgsWKBTypes. Kan geen geometrie herkennen voor inputs. Controleer of juiste layers zijn geselecteerd
